<?xml version="1.0" encoding="utf-8"?>
<TestRun id="c7b1d576-d41a-46d1-a91a-b5c75e68202a" name="@MacBook-Air-som-tillhor-Johanna 2025-04-27 20:26:28" xmlns="http://microsoft.com/schemas/VisualStudio/TeamTest/2010">
  <Times creation="2025-04-27T20:26:28.8106480+02:00" queuing="2025-04-27T20:26:28.8106480+02:00" start="2025-04-27T20:26:28.1384210+02:00" finish="2025-04-27T20:26:28.9437030+02:00" />
  <TestSettings name="default" id="32506814-54af-43ac-93a0-d11c77ac971c">
    <Deployment runDeploymentRoot="_MacBook-Air-som-tillhor-Johanna_2025-04-27_20_26_28" />
  </TestSettings>
  <Results>
    <UnitTestResult executionId="4accc6a5-d244-44ac-9435-c68fc8911b14" testId="98a9448b-a985-bda7-5bb7-581ecee70141" testName="Handle_adds_allergy_to_family_member" computerName="MacBook-Air-som-tillhor-Johanna" duration="00:00:00.3421080" startTime="2025-04-27T20:26:28.3859940+02:00" endTime="2025-04-27T20:26:28.7280820+02:00" testType="13cdc9d9-ddb5-4fa4-a97d-d965ccfc6d4b" outcome="Passed" testListId="8c84fa94-04c1-424b-9868-57a2d4851a1d" relativeResultsDirectory="4accc6a5-d244-44ac-9435-c68fc8911b14">
      <Output>
        <StdOut>info: YellowHouseStudio.LifeOrbit.Application.Common.Behaviors.LoggingBehavior[0]
      Beginning request AddAllergyCommand [f582453b-33fb-4433-979b-533c7e13e78b]
info: YellowHouseStudio.LifeOrbit.Application.Common.Behaviors.TransactionBehavior[0]
      Beginning transaction for AddAllergyCommand
info: YellowHouseStudio.LifeOrbit.Application.Family.AddAllergy.AddAllergyCommandHandler[0]
      Adding new allergy Peanuts for family member b1d2f58e-d8cf-4175-b7f7-2881c5943722
info: YellowHouseStudio.LifeOrbit.Application.Family.AddAllergy.AddAllergyCommandHandler[0]
      Successfully added allergy Peanuts for family member b1d2f58e-d8cf-4175-b7f7-2881c5943722
info: YellowHouseStudio.LifeOrbit.Application.Common.Behaviors.TransactionBehavior[0]
      Committed transaction for AddAllergyCommand
info: YellowHouseStudio.LifeOrbit.Application.Common.Behaviors.LoggingBehavior[0]
      Completed request AddAllergyCommand [f582453b-33fb-4433-979b-533c7e13e78b]</StdOut>
      </Output>
    </UnitTestResult>
    <UnitTestResult executionId="f8fd5184-c9dd-46a4-8ba3-19d4018d29cf" testId="c6e80f3a-b11f-308d-e039-edc0ea2905ea" testName="RemoveAllergy_throws_validation_for_nonexistent_member" computerName="MacBook-Air-som-tillhor-Johanna" duration="00:00:00.0019290" startTime="2025-04-27T20:26:28.9008020+02:00" endTime="2025-04-27T20:26:28.9027310+02:00" testType="13cdc9d9-ddb5-4fa4-a97d-d965ccfc6d4b" outcome="Passed" testListId="8c84fa94-04c1-424b-9868-57a2d4851a1d" relativeResultsDirectory="f8fd5184-c9dd-46a4-8ba3-19d4018d29cf">
      <Output>
        <StdOut>info: YellowHouseStudio.LifeOrbit.Application.Common.Behaviors.LoggingBehavior[0]
      Beginning request RemoveAllergyCommand [2ca7cab8-5adf-4f72-be44-3807ac1cda5c]
warn: YellowHouseStudio.LifeOrbit.Application.Common.Behaviors.ValidationBehavior[0]
      Validation failed for command RemoveAllergyCommand with 2 errors
fail: YellowHouseStudio.LifeOrbit.Application.Common.Behaviors.LoggingBehavior[0]
      Request RemoveAllergyCommand [2ca7cab8-5adf-4f72-be44-3807ac1cda5c] failed
      FluentValidation.ValidationException: Validation failed: 
       -- FamilyMemberId: Family member not found Severity: Error
       -- Allergen: This allergy is not registered for this family member. Severity: Error
         at YellowHouseStudio.LifeOrbit.Application.Common.Behaviors.ValidationBehavior`2.Handle(TRequest request, RequestHandlerDelegate`1 next, CancellationToken cancellationToken) in /Users/johannahulten/Documents/LifeOrbit/server/YellowHouseStudio.LifeOrbit.Application/Common/Behaviors/ValidationBehavior.cs:line 61
         at YellowHouseStudio.LifeOrbit.Application.Common.Behaviors.LoggingBehavior`2.Handle(TRequest request, RequestHandlerDelegate`1 next, CancellationToken cancellationToken) in /Users/johannahulten/Documents/LifeOrbit/server/YellowHouseStudio.LifeOrbit.Application/Common/Behaviors/LoggingBehavior.cs:line 25</StdOut>
      </Output>
    </UnitTestResult>
    <UnitTestResult executionId="c1acc01a-f670-43ce-b3f1-443c0a72462c" testId="a02cf99e-ddbb-2a00-cb0e-cd82b5705160" testName="TrackNewSafeFood_should_allow_removal_and_HasSafeFoodAsync_should_return_false" computerName="MacBook-Air-som-tillhor-Johanna" duration="00:00:00.0073840" startTime="2025-04-27T20:26:28.8863180+02:00" endTime="2025-04-27T20:26:28.8937020+02:00" testType="13cdc9d9-ddb5-4fa4-a97d-d965ccfc6d4b" outcome="Passed" testListId="8c84fa94-04c1-424b-9868-57a2d4851a1d" relativeResultsDirectory="c1acc01a-f670-43ce-b3f1-443c0a72462c" />
    <UnitTestResult executionId="b566e41d-5449-4a70-8987-ff114f92e40c" testId="652b1099-190e-62cb-5b2f-e96c4644a990" testName="Handle_throws_NotFoundException_for_missing_member" computerName="MacBook-Air-som-tillhor-Johanna" duration="00:00:00.0025469" startTime="2025-04-27T20:26:28.8601230+02:00" endTime="2025-04-27T20:26:28.8626700+02:00" testType="13cdc9d9-ddb5-4fa4-a97d-d965ccfc6d4b" outcome="Passed" testListId="8c84fa94-04c1-424b-9868-57a2d4851a1d" relativeResultsDirectory="b566e41d-5449-4a70-8987-ff114f92e40c">
      <Output>
        <StdOut>info: YellowHouseStudio.LifeOrbit.Application.Common.Behaviors.LoggingBehavior[0]
      Beginning request AddSafeFoodCommand [3230235a-ea00-447a-bf5d-552c78c05c89]
info: YellowHouseStudio.LifeOrbit.Application.Common.Behaviors.TransactionBehavior[0]
      Beginning transaction for AddSafeFoodCommand
warn: YellowHouseStudio.LifeOrbit.Application.Family.AddSafeFood.AddSafeFoodCommandHandler[0]
      Family member 776a404b-0fe9-4615-8512-1ae6146d527f not found for user 2c9dedbb-521f-4a65-a54b-dcaa3d7b8ad3
info: YellowHouseStudio.LifeOrbit.Application.Common.Behaviors.TransactionBehavior[0]
      Rolling back transaction for AddSafeFoodCommand
fail: YellowHouseStudio.LifeOrbit.Application.Common.Behaviors.LoggingBehavior[0]
      Request AddSafeFoodCommand [3230235a-ea00-447a-bf5d-552c78c05c89] failed
      YellowHouseStudio.LifeOrbit.Application.Common.Exceptions.NotFoundException: Family member 776a404b-0fe9-4615-8512-1ae6146d527f not found
         at YellowHouseStudio.LifeOrbit.Application.Family.AddSafeFood.AddSafeFoodCommandHandler.Handle(AddSafeFoodCommand request, CancellationToken cancellationToken) in /Users/johannahulten/Documents/LifeOrbit/server/YellowHouseStudio.LifeOrbit.Application/Family/AddSafeFood/AddSafeFoodCommandHandler.cs:line 34
         at YellowHouseStudio.LifeOrbit.Application.Common.Behaviors.TransactionBehavior`2.&lt;&gt;c__DisplayClass3_0.&lt;&lt;Handle&gt;b__0&gt;d.MoveNext() in /Users/johannahulten/Documents/LifeOrbit/server/YellowHouseStudio.LifeOrbit.Application/Common/Behaviors/TransactionBehavior.cs:line 40
      --- End of stack trace from previous location ---
         at YellowHouseStudio.LifeOrbit.Application.Common.Behaviors.TransactionBehavior`2.&lt;&gt;c__DisplayClass3_0.&lt;&lt;Handle&gt;b__0&gt;d.MoveNext() in /Users/johannahulten/Documents/LifeOrbit/server/YellowHouseStudio.LifeOrbit.Application/Common/Behaviors/TransactionBehavior.cs:line 53
      --- End of stack trace from previous location ---
         at YellowHouseStudio.LifeOrbit.Application.Common.Behaviors.TransactionBehavior`2.Handle(TRequest request, RequestHandlerDelegate`1 next, CancellationToken cancellationToken) in /Users/johannahulten/Documents/LifeOrbit/server/YellowHouseStudio.LifeOrbit.Application/Common/Behaviors/TransactionBehavior.cs:line 32
         at YellowHouseStudio.LifeOrbit.Application.Common.Behaviors.ValidationBehavior`2.Handle(TRequest request, RequestHandlerDelegate`1 next, CancellationToken cancellationToken) in /Users/johannahulten/Documents/LifeOrbit/server/YellowHouseStudio.LifeOrbit.Application/Common/Behaviors/ValidationBehavior.cs:line 67
         at YellowHouseStudio.LifeOrbit.Application.Common.Behaviors.LoggingBehavior`2.Handle(TRequest request, RequestHandlerDelegate`1 next, CancellationToken cancellationToken) in /Users/johannahulten/Documents/LifeOrbit/server/YellowHouseStudio.LifeOrbit.Application/Common/Behaviors/LoggingBehavior.cs:line 25</StdOut>
      </Output>
    </UnitTestResult>
    <UnitTestResult executionId="1e55a00f-b462-4e48-82b2-2f8994f672d4" testId="bb00f71d-d6f1-3bd7-150c-7d51ffa98913" testName="Should_Have_Error_When_Allergen_Too_Long" computerName="MacBook-Air-som-tillhor-Johanna" duration="00:00:00.0010790" startTime="2025-04-27T20:26:28.7689770+02:00" endTime="2025-04-27T20:26:28.7700550+02:00" testType="13cdc9d9-ddb5-4fa4-a97d-d965ccfc6d4b" outcome="Passed" testListId="8c84fa94-04c1-424b-9868-57a2d4851a1d" relativeResultsDirectory="1e55a00f-b462-4e48-82b2-2f8994f672d4" />
    <UnitTestResult executionId="8d498d6c-f911-4a53-afb0-f068f0d93ad3" testId="f93012be-2f7d-07b2-c4af-2a00166e3720" testName="RemoveAllergy_throws_validation_for_unauthorized_user" computerName="MacBook-Air-som-tillhor-Johanna" duration="00:00:00.0025460" startTime="2025-04-27T20:26:28.9027470+02:00" endTime="2025-04-27T20:26:28.9052930+02:00" testType="13cdc9d9-ddb5-4fa4-a97d-d965ccfc6d4b" outcome="Passed" testListId="8c84fa94-04c1-424b-9868-57a2d4851a1d" relativeResultsDirectory="8d498d6c-f911-4a53-afb0-f068f0d93ad3">
      <Output>
        <StdOut>info: YellowHouseStudio.LifeOrbit.Application.Common.Behaviors.LoggingBehavior[0]
      Beginning request RemoveAllergyCommand [dfc4585f-b86d-4a31-aba7-14a500ce7bc9]
warn: YellowHouseStudio.LifeOrbit.Application.Common.Behaviors.ValidationBehavior[0]
      Validation failed for command RemoveAllergyCommand with 1 errors
fail: YellowHouseStudio.LifeOrbit.Application.Common.Behaviors.LoggingBehavior[0]
      Request RemoveAllergyCommand [dfc4585f-b86d-4a31-aba7-14a500ce7bc9] failed
      FluentValidation.ValidationException: Validation failed: 
       -- FamilyMemberId: Family member not found Severity: Error
         at YellowHouseStudio.LifeOrbit.Application.Common.Behaviors.ValidationBehavior`2.Handle(TRequest request, RequestHandlerDelegate`1 next, CancellationToken cancellationToken) in /Users/johannahulten/Documents/LifeOrbit/server/YellowHouseStudio.LifeOrbit.Application/Common/Behaviors/ValidationBehavior.cs:line 61
         at YellowHouseStudio.LifeOrbit.Application.Common.Behaviors.LoggingBehavior`2.Handle(TRequest request, RequestHandlerDelegate`1 next, CancellationToken cancellationToken) in /Users/johannahulten/Documents/LifeOrbit/server/YellowHouseStudio.LifeOrbit.Application/Common/Behaviors/LoggingBehavior.cs:line 25</StdOut>
      </Output>
    </UnitTestResult>
    <UnitTestResult executionId="9e5a08c2-916f-4121-9ef1-186a3ad9d5b9" testId="52f05a78-42d7-ac7e-ca11-124e53e40a04" testName="Should_Have_Error_When_Allergy_Already_Exists" computerName="MacBook-Air-som-tillhor-Johanna" duration="00:00:00.0010920" startTime="2025-04-27T20:26:28.7700700+02:00" endTime="2025-04-27T20:26:28.7711620+02:00" testType="13cdc9d9-ddb5-4fa4-a97d-d965ccfc6d4b" outcome="Passed" testListId="8c84fa94-04c1-424b-9868-57a2d4851a1d" relativeResultsDirectory="9e5a08c2-916f-4121-9ef1-186a3ad9d5b9" />
    <UnitTestResult executionId="2c785aca-c52c-45d0-9885-24daab92bde9" testId="e4c4b4b8-0006-2a3e-6548-31f3984e59ed" testName="TrackNewSafeFood_should_add_safe_food_and_HasSafeFoodAsync_should_return_true" computerName="MacBook-Air-som-tillhor-Johanna" duration="00:00:00.0074600" startTime="2025-04-27T20:26:28.8788320+02:00" endTime="2025-04-27T20:26:28.8862920+02:00" testType="13cdc9d9-ddb5-4fa4-a97d-d965ccfc6d4b" outcome="Passed" testListId="8c84fa94-04c1-424b-9868-57a2d4851a1d" relativeResultsDirectory="2c785aca-c52c-45d0-9885-24daab92bde9" />
    <UnitTestResult executionId="b2508ed2-e00b-4023-9077-4833e75d727f" testId="d9fb5d32-5434-902a-75ff-ae84a9ff6055" testName="RemoveAllergy_throws_validation_for_nonexistent_allergy" computerName="MacBook-Air-som-tillhor-Johanna" duration="00:00:00.0024700" startTime="2025-04-27T20:26:28.8983220+02:00" endTime="2025-04-27T20:26:28.9007930+02:00" testType="13cdc9d9-ddb5-4fa4-a97d-d965ccfc6d4b" outcome="Passed" testListId="8c84fa94-04c1-424b-9868-57a2d4851a1d" relativeResultsDirectory="b2508ed2-e00b-4023-9077-4833e75d727f">
      <Output>
        <StdOut>info: YellowHouseStudio.LifeOrbit.Application.Common.Behaviors.LoggingBehavior[0]
      Beginning request RemoveAllergyCommand [ee433e7a-75f5-480b-a362-ca0b076a2ac8]
warn: YellowHouseStudio.LifeOrbit.Application.Common.Behaviors.ValidationBehavior[0]
      Validation failed for command RemoveAllergyCommand with 1 errors
fail: YellowHouseStudio.LifeOrbit.Application.Common.Behaviors.LoggingBehavior[0]
      Request RemoveAllergyCommand [ee433e7a-75f5-480b-a362-ca0b076a2ac8] failed
      FluentValidation.ValidationException: Validation failed: 
       -- Allergen: This allergy is not registered for this family member. Severity: Error
         at YellowHouseStudio.LifeOrbit.Application.Common.Behaviors.ValidationBehavior`2.Handle(TRequest request, RequestHandlerDelegate`1 next, CancellationToken cancellationToken) in /Users/johannahulten/Documents/LifeOrbit/server/YellowHouseStudio.LifeOrbit.Application/Common/Behaviors/ValidationBehavior.cs:line 61
         at YellowHouseStudio.LifeOrbit.Application.Common.Behaviors.LoggingBehavior`2.Handle(TRequest request, RequestHandlerDelegate`1 next, CancellationToken cancellationToken) in /Users/johannahulten/Documents/LifeOrbit/server/YellowHouseStudio.LifeOrbit.Application/Common/Behaviors/LoggingBehavior.cs:line 25</StdOut>
      </Output>
    </UnitTestResult>
    <UnitTestResult executionId="5711dc83-3967-4f91-a41d-8fef044f990c" testId="dc28df5f-f0f3-30c2-b8f6-a5487362f09f" testName="Should_Have_Error_When_Allergen_Empty" computerName="MacBook-Air-som-tillhor-Johanna" duration="00:00:00.0032520" startTime="2025-04-27T20:26:28.7657100+02:00" endTime="2025-04-27T20:26:28.7689620+02:00" testType="13cdc9d9-ddb5-4fa4-a97d-d965ccfc6d4b" outcome="Passed" testListId="8c84fa94-04c1-424b-9868-57a2d4851a1d" relativeResultsDirectory="5711dc83-3967-4f91-a41d-8fef044f990c" />
    <UnitTestResult executionId="cf0c4b37-e67d-446b-9806-5d4e842cf2de" testId="165002c3-dfce-8a00-ff68-4aea38f794fb" testName="Handle_adds_complete_family_member_with_all_details" computerName="MacBook-Air-som-tillhor-Johanna" duration="00:00:00.0282270" startTime="2025-04-27T20:26:28.7743220+02:00" endTime="2025-04-27T20:26:28.8025480+02:00" testType="13cdc9d9-ddb5-4fa4-a97d-d965ccfc6d4b" outcome="Passed" testListId="8c84fa94-04c1-424b-9868-57a2d4851a1d" relativeResultsDirectory="cf0c4b37-e67d-446b-9806-5d4e842cf2de">
      <Output>
        <StdOut>info: YellowHouseStudio.LifeOrbit.Application.Common.Behaviors.LoggingBehavior[0]
      Beginning request AddCompleteFamilyMemberCommand [14767016-4115-48b9-9e80-4705f87e3d8f]
info: YellowHouseStudio.LifeOrbit.Application.Common.Behaviors.TransactionBehavior[0]
      Beginning transaction for AddCompleteFamilyMemberCommand
info: YellowHouseStudio.LifeOrbit.Application.Family.AddCompleteFamilyMember.AddCompleteFamilyMemberCommandHandler[0]
      Successfully created family member f082b4ae-aeff-4656-9878-6d5b48cdd79b for user e4925004-5805-49dc-93d8-3e71aeec5116
info: YellowHouseStudio.LifeOrbit.Application.Common.Behaviors.TransactionBehavior[0]
      Committed transaction for AddCompleteFamilyMemberCommand
info: YellowHouseStudio.LifeOrbit.Application.Common.Behaviors.LoggingBehavior[0]
      Completed request AddCompleteFamilyMemberCommand [14767016-4115-48b9-9e80-4705f87e3d8f]</StdOut>
      </Output>
    </UnitTestResult>
    <UnitTestResult executionId="67e0ec1b-1d46-4a2d-b3dd-a6d1d36c8c6f" testId="86c65322-2e4a-ecaf-72b2-c77fc1d05c02" testName="Handle_adds_safe_food_and_returns_result" computerName="MacBook-Air-som-tillhor-Johanna" duration="00:00:00.0051280" startTime="2025-04-27T20:26:28.8466910+02:00" endTime="2025-04-27T20:26:28.8518180+02:00" testType="13cdc9d9-ddb5-4fa4-a97d-d965ccfc6d4b" outcome="Passed" testListId="8c84fa94-04c1-424b-9868-57a2d4851a1d" relativeResultsDirectory="67e0ec1b-1d46-4a2d-b3dd-a6d1d36c8c6f">
      <Output>
        <StdOut>info: YellowHouseStudio.LifeOrbit.Application.Common.Behaviors.LoggingBehavior[0]
      Beginning request AddSafeFoodCommand [e705da6f-d8dc-43f1-acdc-38934d04c2f6]
info: YellowHouseStudio.LifeOrbit.Application.Common.Behaviors.TransactionBehavior[0]
      Beginning transaction for AddSafeFoodCommand
info: YellowHouseStudio.LifeOrbit.Application.Family.AddSafeFood.AddSafeFoodCommandHandler[0]
      Successfully added safe food Apple for family member bcb6e80b-73ac-4dba-99df-fa5830ec956e
info: YellowHouseStudio.LifeOrbit.Application.Common.Behaviors.TransactionBehavior[0]
      Committed transaction for AddSafeFoodCommand
info: YellowHouseStudio.LifeOrbit.Application.Common.Behaviors.LoggingBehavior[0]
      Completed request AddSafeFoodCommand [e705da6f-d8dc-43f1-acdc-38934d04c2f6]</StdOut>
      </Output>
    </UnitTestResult>
    <UnitTestResult executionId="4519578a-de09-4d9a-96f9-590bd829dd38" testId="babba398-0832-8556-8c83-8390e2ffc435" testName="Handle_throws_validation_error_for_non_existent_family_member" computerName="MacBook-Air-som-tillhor-Johanna" duration="00:00:00.0021460" startTime="2025-04-27T20:26:28.7593350+02:00" endTime="2025-04-27T20:26:28.7614800+02:00" testType="13cdc9d9-ddb5-4fa4-a97d-d965ccfc6d4b" outcome="Passed" testListId="8c84fa94-04c1-424b-9868-57a2d4851a1d" relativeResultsDirectory="4519578a-de09-4d9a-96f9-590bd829dd38">
      <Output>
        <StdOut>info: YellowHouseStudio.LifeOrbit.Application.Common.Behaviors.LoggingBehavior[0]
      Beginning request AddAllergyCommand [d2ed6286-05da-46e6-847f-52b9f6c4d624]
warn: YellowHouseStudio.LifeOrbit.Application.Common.Behaviors.ValidationBehavior[0]
      Validation failed for command AddAllergyCommand with 1 errors
fail: YellowHouseStudio.LifeOrbit.Application.Common.Behaviors.LoggingBehavior[0]
      Request AddAllergyCommand [d2ed6286-05da-46e6-847f-52b9f6c4d624] failed
      FluentValidation.ValidationException: Validation failed: 
       -- FamilyMemberId: Family member not found Severity: Error
         at YellowHouseStudio.LifeOrbit.Application.Common.Behaviors.ValidationBehavior`2.Handle(TRequest request, RequestHandlerDelegate`1 next, CancellationToken cancellationToken) in /Users/johannahulten/Documents/LifeOrbit/server/YellowHouseStudio.LifeOrbit.Application/Common/Behaviors/ValidationBehavior.cs:line 61
         at YellowHouseStudio.LifeOrbit.Application.Common.Behaviors.LoggingBehavior`2.Handle(TRequest request, RequestHandlerDelegate`1 next, CancellationToken cancellationToken) in /Users/johannahulten/Documents/LifeOrbit/server/YellowHouseStudio.LifeOrbit.Application/Common/Behaviors/LoggingBehavior.cs:line 25</StdOut>
      </Output>
    </UnitTestResult>
    <UnitTestResult executionId="53a7e121-93b4-4bdd-bf58-9b72d0418b54" testId="73fa1bcf-e267-9191-930e-5cf355dea39a" testName="HasSafeFoodAsync_should_return_false_when_not_present" computerName="MacBook-Air-som-tillhor-Johanna" duration="00:00:00.0160700" startTime="2025-04-27T20:26:28.8627400+02:00" endTime="2025-04-27T20:26:28.8788100+02:00" testType="13cdc9d9-ddb5-4fa4-a97d-d965ccfc6d4b" outcome="Passed" testListId="8c84fa94-04c1-424b-9868-57a2d4851a1d" relativeResultsDirectory="53a7e121-93b4-4bdd-bf58-9b72d0418b54" />
    <UnitTestResult executionId="e0c3acfd-f5a9-4d7f-aea7-760257a8ef36" testId="25580f3c-1258-6ec9-c231-89f33b4cc8e2" testName="Handle_creates_unique_family_members_for_same_user" computerName="MacBook-Air-som-tillhor-Johanna" duration="00:00:00.0073130" startTime="2025-04-27T20:26:28.8283830+02:00" endTime="2025-04-27T20:26:28.8356960+02:00" testType="13cdc9d9-ddb5-4fa4-a97d-d965ccfc6d4b" outcome="Passed" testListId="8c84fa94-04c1-424b-9868-57a2d4851a1d" relativeResultsDirectory="e0c3acfd-f5a9-4d7f-aea7-760257a8ef36">
      <Output>
        <StdOut>info: YellowHouseStudio.LifeOrbit.Application.Common.Behaviors.LoggingBehavior[0]
      Beginning request AddFamilyMemberCommand [c24f7c18-31fa-4921-8531-b30c08d51007]
info: YellowHouseStudio.LifeOrbit.Application.Common.Behaviors.TransactionBehavior[0]
      Beginning transaction for AddFamilyMemberCommand
info: YellowHouseStudio.LifeOrbit.Application.Common.Behaviors.TransactionBehavior[0]
      Committed transaction for AddFamilyMemberCommand
info: YellowHouseStudio.LifeOrbit.Application.Common.Behaviors.LoggingBehavior[0]
      Completed request AddFamilyMemberCommand [c24f7c18-31fa-4921-8531-b30c08d51007]
info: YellowHouseStudio.LifeOrbit.Application.Common.Behaviors.LoggingBehavior[0]
      Beginning request AddFamilyMemberCommand [91073417-d6e3-46a0-995f-c5cd6096865a]
info: YellowHouseStudio.LifeOrbit.Application.Common.Behaviors.TransactionBehavior[0]
      Beginning transaction for AddFamilyMemberCommand
info: YellowHouseStudio.LifeOrbit.Application.Common.Behaviors.TransactionBehavior[0]
      Committed transaction for AddFamilyMemberCommand
info: YellowHouseStudio.LifeOrbit.Application.Common.Behaviors.LoggingBehavior[0]
      Completed request AddFamilyMemberCommand [91073417-d6e3-46a0-995f-c5cd6096865a]</StdOut>
      </Output>
    </UnitTestResult>
    <UnitTestResult executionId="b1dc4174-0fd1-406a-b06b-0f980a80351c" testId="e4b52f03-7b41-8b7f-b4a9-1c1b7b953d46" testName="Handle_duplicate_safe_food_is_noop" computerName="MacBook-Air-som-tillhor-Johanna" duration="00:00:00.0082760" startTime="2025-04-27T20:26:28.8518290+02:00" endTime="2025-04-27T20:26:28.8601040+02:00" testType="13cdc9d9-ddb5-4fa4-a97d-d965ccfc6d4b" outcome="Passed" testListId="8c84fa94-04c1-424b-9868-57a2d4851a1d" relativeResultsDirectory="b1dc4174-0fd1-406a-b06b-0f980a80351c">
      <Output>
        <StdOut>info: YellowHouseStudio.LifeOrbit.Application.Common.Behaviors.LoggingBehavior[0]
      Beginning request AddSafeFoodCommand [accb1770-4655-4f19-b51d-580dd1342765]
info: YellowHouseStudio.LifeOrbit.Application.Common.Behaviors.TransactionBehavior[0]
      Beginning transaction for AddSafeFoodCommand
info: YellowHouseStudio.LifeOrbit.Application.Family.AddSafeFood.AddSafeFoodCommandHandler[0]
      Safe food Apple already present for family member 78e09ffb-f3a3-4a30-9480-768d3a8d4733
info: YellowHouseStudio.LifeOrbit.Application.Family.AddSafeFood.AddSafeFoodCommandHandler[0]
      Successfully added safe food Apple for family member 78e09ffb-f3a3-4a30-9480-768d3a8d4733
info: YellowHouseStudio.LifeOrbit.Application.Common.Behaviors.TransactionBehavior[0]
      Committed transaction for AddSafeFoodCommand
info: YellowHouseStudio.LifeOrbit.Application.Common.Behaviors.LoggingBehavior[0]
      Completed request AddSafeFoodCommand [accb1770-4655-4f19-b51d-580dd1342765]</StdOut>
      </Output>
    </UnitTestResult>
    <UnitTestResult executionId="73428408-873c-4df4-bc5a-626ec45dd5c8" testId="0e530775-9604-76ea-7ad0-3014488b4724" testName="Handle_should_throw_NotFoundException_when_family_member_not_found" computerName="MacBook-Air-som-tillhor-Johanna" duration="00:00:00.0009210" startTime="2025-04-27T20:26:28.8457050+02:00" endTime="2025-04-27T20:26:28.8466260+02:00" testType="13cdc9d9-ddb5-4fa4-a97d-d965ccfc6d4b" outcome="Passed" testListId="8c84fa94-04c1-424b-9868-57a2d4851a1d" relativeResultsDirectory="73428408-873c-4df4-bc5a-626ec45dd5c8" />
    <UnitTestResult executionId="a3bbbc9a-62ec-47f5-8b6e-8c26f3cdd2c0" testId="a1284ead-43bc-e05f-e2a1-12b645521431" testName="Handle_adds_multiple_allergies_to_family_member" computerName="MacBook-Air-som-tillhor-Johanna" duration="00:00:00.0142630" startTime="2025-04-27T20:26:28.7286840+02:00" endTime="2025-04-27T20:26:28.7429470+02:00" testType="13cdc9d9-ddb5-4fa4-a97d-d965ccfc6d4b" outcome="Passed" testListId="8c84fa94-04c1-424b-9868-57a2d4851a1d" relativeResultsDirectory="a3bbbc9a-62ec-47f5-8b6e-8c26f3cdd2c0">
      <Output>
        <StdOut>info: YellowHouseStudio.LifeOrbit.Application.Common.Behaviors.LoggingBehavior[0]
      Beginning request AddAllergyCommand [2f48e8c3-f1bd-4abd-961b-609b179e2714]
info: YellowHouseStudio.LifeOrbit.Application.Common.Behaviors.TransactionBehavior[0]
      Beginning transaction for AddAllergyCommand
info: YellowHouseStudio.LifeOrbit.Application.Family.AddAllergy.AddAllergyCommandHandler[0]
      Adding new allergy Peanuts for family member 56d15107-530e-4ee0-ab82-1349ab974b1a
info: YellowHouseStudio.LifeOrbit.Application.Family.AddAllergy.AddAllergyCommandHandler[0]
      Successfully added allergy Peanuts for family member 56d15107-530e-4ee0-ab82-1349ab974b1a
info: YellowHouseStudio.LifeOrbit.Application.Common.Behaviors.TransactionBehavior[0]
      Committed transaction for AddAllergyCommand
info: YellowHouseStudio.LifeOrbit.Application.Common.Behaviors.LoggingBehavior[0]
      Completed request AddAllergyCommand [2f48e8c3-f1bd-4abd-961b-609b179e2714]
info: YellowHouseStudio.LifeOrbit.Application.Common.Behaviors.LoggingBehavior[0]
      Beginning request AddAllergyCommand [ca209f2e-8c72-40b5-ac11-ea8d2442ad76]
info: YellowHouseStudio.LifeOrbit.Application.Common.Behaviors.TransactionBehavior[0]
      Beginning transaction for AddAllergyCommand
info: YellowHouseStudio.LifeOrbit.Application.Family.AddAllergy.AddAllergyCommandHandler[0]
      Adding new allergy Milk for family member 56d15107-530e-4ee0-ab82-1349ab974b1a
info: YellowHouseStudio.LifeOrbit.Application.Family.AddAllergy.AddAllergyCommandHandler[0]
      Successfully added allergy Milk for family member 56d15107-530e-4ee0-ab82-1349ab974b1a
info: YellowHouseStudio.LifeOrbit.Application.Common.Behaviors.TransactionBehavior[0]
      Committed transaction for AddAllergyCommand
info: YellowHouseStudio.LifeOrbit.Application.Common.Behaviors.LoggingBehavior[0]
      Completed request AddAllergyCommand [ca209f2e-8c72-40b5-ac11-ea8d2442ad76]
info: YellowHouseStudio.LifeOrbit.Application.Common.Behaviors.LoggingBehavior[0]
      Beginning request AddAllergyCommand [5b536e8b-346c-49a2-898d-3364fd049d31]
info: YellowHouseStudio.LifeOrbit.Application.Common.Behaviors.TransactionBehavior[0]
      Beginning transaction for AddAllergyCommand
info: YellowHouseStudio.LifeOrbit.Application.Family.AddAllergy.AddAllergyCommandHandler[0]
      Adding new allergy Eggs for family member 56d15107-530e-4ee0-ab82-1349ab974b1a
info: YellowHouseStudio.LifeOrbit.Application.Family.AddAllergy.AddAllergyCommandHandler[0]
      Successfully added allergy Eggs for family member 56d15107-530e-4ee0-ab82-1349ab974b1a
info: YellowHouseStudio.LifeOrbit.Application.Common.Behaviors.TransactionBehavior[0]
      Committed transaction for AddAllergyCommand
info: YellowHouseStudio.LifeOrbit.Application.Common.Behaviors.LoggingBehavior[0]
      Completed request AddAllergyCommand [5b536e8b-346c-49a2-898d-3364fd049d31]</StdOut>
      </Output>
    </UnitTestResult>
    <UnitTestResult executionId="fb8990a6-e36a-4001-8bba-885a689a4585" testId="0c9d97b9-047c-8383-d229-0673612b5688" testName="Handle_adds_family_member_and_returns_id" computerName="MacBook-Air-som-tillhor-Johanna" duration="00:00:00.0142160" startTime="2025-04-27T20:26:28.8141480+02:00" endTime="2025-04-27T20:26:28.8283640+02:00" testType="13cdc9d9-ddb5-4fa4-a97d-d965ccfc6d4b" outcome="Passed" testListId="8c84fa94-04c1-424b-9868-57a2d4851a1d" relativeResultsDirectory="fb8990a6-e36a-4001-8bba-885a689a4585">
      <Output>
        <StdOut>info: YellowHouseStudio.LifeOrbit.Application.Common.Behaviors.LoggingBehavior[0]
      Beginning request AddFamilyMemberCommand [05ee77b4-0d02-4128-9a43-686758b5b101]
info: YellowHouseStudio.LifeOrbit.Application.Common.Behaviors.TransactionBehavior[0]
      Beginning transaction for AddFamilyMemberCommand
info: YellowHouseStudio.LifeOrbit.Application.Common.Behaviors.TransactionBehavior[0]
      Committed transaction for AddFamilyMemberCommand
info: YellowHouseStudio.LifeOrbit.Application.Common.Behaviors.LoggingBehavior[0]
      Completed request AddFamilyMemberCommand [05ee77b4-0d02-4128-9a43-686758b5b101]</StdOut>
      </Output>
    </UnitTestResult>
    <UnitTestResult executionId="89aff5fb-e55f-4770-8caf-28eeda701790" testId="0c440654-e722-01c4-d9d0-569dc796d8ab" testName="Handle_throws_NotFoundException_for_missing_safe_food" computerName="MacBook-Air-som-tillhor-Johanna" duration="00:00:00.0018430" startTime="2025-04-27T20:26:28.9159320+02:00" endTime="2025-04-27T20:26:28.9177740+02:00" testType="13cdc9d9-ddb5-4fa4-a97d-d965ccfc6d4b" outcome="Passed" testListId="8c84fa94-04c1-424b-9868-57a2d4851a1d" relativeResultsDirectory="89aff5fb-e55f-4770-8caf-28eeda701790">
      <Output>
        <StdOut>info: YellowHouseStudio.LifeOrbit.Application.Common.Behaviors.LoggingBehavior[0]
      Beginning request RemoveSafeFoodCommand [598f1f9e-c199-4a34-b7c7-b86998c37c47]
info: YellowHouseStudio.LifeOrbit.Application.Common.Behaviors.TransactionBehavior[0]
      Beginning transaction for RemoveSafeFoodCommand
warn: YellowHouseStudio.LifeOrbit.Application.Family.RemoveSafeFood.RemoveSafeFoodCommandHandler[0]
      Safe food Banana not found for family member d5dd6b08-fa7e-4185-b5ab-9f8c2d0551d4
info: YellowHouseStudio.LifeOrbit.Application.Common.Behaviors.TransactionBehavior[0]
      Rolling back transaction for RemoveSafeFoodCommand
fail: YellowHouseStudio.LifeOrbit.Application.Common.Behaviors.LoggingBehavior[0]
      Request RemoveSafeFoodCommand [598f1f9e-c199-4a34-b7c7-b86998c37c47] failed
      YellowHouseStudio.LifeOrbit.Application.Common.Exceptions.NotFoundException: Safe food Banana not found for family member d5dd6b08-fa7e-4185-b5ab-9f8c2d0551d4
         at YellowHouseStudio.LifeOrbit.Application.Family.RemoveSafeFood.RemoveSafeFoodCommandHandler.Handle(RemoveSafeFoodCommand request, CancellationToken cancellationToken) in /Users/johannahulten/Documents/LifeOrbit/server/YellowHouseStudio.LifeOrbit.Application/Family/RemoveSafeFood/RemoveSafeFoodCommandHandler.cs:line 40
         at YellowHouseStudio.LifeOrbit.Application.Common.Behaviors.TransactionBehavior`2.&lt;&gt;c__DisplayClass3_0.&lt;&lt;Handle&gt;b__0&gt;d.MoveNext() in /Users/johannahulten/Documents/LifeOrbit/server/YellowHouseStudio.LifeOrbit.Application/Common/Behaviors/TransactionBehavior.cs:line 40
      --- End of stack trace from previous location ---
         at YellowHouseStudio.LifeOrbit.Application.Common.Behaviors.TransactionBehavior`2.&lt;&gt;c__DisplayClass3_0.&lt;&lt;Handle&gt;b__0&gt;d.MoveNext() in /Users/johannahulten/Documents/LifeOrbit/server/YellowHouseStudio.LifeOrbit.Application/Common/Behaviors/TransactionBehavior.cs:line 53
      --- End of stack trace from previous location ---
         at YellowHouseStudio.LifeOrbit.Application.Common.Behaviors.TransactionBehavior`2.Handle(TRequest request, RequestHandlerDelegate`1 next, CancellationToken cancellationToken) in /Users/johannahulten/Documents/LifeOrbit/server/YellowHouseStudio.LifeOrbit.Application/Common/Behaviors/TransactionBehavior.cs:line 32
         at YellowHouseStudio.LifeOrbit.Application.Common.Behaviors.ValidationBehavior`2.Handle(TRequest request, RequestHandlerDelegate`1 next, CancellationToken cancellationToken) in /Users/johannahulten/Documents/LifeOrbit/server/YellowHouseStudio.LifeOrbit.Application/Common/Behaviors/ValidationBehavior.cs:line 67
         at YellowHouseStudio.LifeOrbit.Application.Common.Behaviors.LoggingBehavior`2.Handle(TRequest request, RequestHandlerDelegate`1 next, CancellationToken cancellationToken) in /Users/johannahulten/Documents/LifeOrbit/server/YellowHouseStudio.LifeOrbit.Application/Common/Behaviors/LoggingBehavior.cs:line 25</StdOut>
      </Output>
    </UnitTestResult>
    <UnitTestResult executionId="532dd988-7051-47ae-9d78-5a5006d88e2c" testId="96165e12-20f4-508c-6ce5-c369f6aafa7a" testName="Should_Not_Have_Error_When_Command_Valid" computerName="MacBook-Air-som-tillhor-Johanna" duration="00:00:00.0010970" startTime="2025-04-27T20:26:28.7731550+02:00" endTime="2025-04-27T20:26:28.7742530+02:00" testType="13cdc9d9-ddb5-4fa4-a97d-d965ccfc6d4b" outcome="Passed" testListId="8c84fa94-04c1-424b-9868-57a2d4851a1d" relativeResultsDirectory="532dd988-7051-47ae-9d78-5a5006d88e2c" />
    <UnitTestResult executionId="ddceb2ec-4033-4d97-8017-cf40a177ba92" testId="9aeb35cb-7f34-5653-3f02-070a1686f2ec" testName="Handle_throws_NotFoundException_for_missing_member" computerName="MacBook-Air-som-tillhor-Johanna" duration="00:00:00.0069400" startTime="2025-04-27T20:26:28.9089740+02:00" endTime="2025-04-27T20:26:28.9159130+02:00" testType="13cdc9d9-ddb5-4fa4-a97d-d965ccfc6d4b" outcome="Passed" testListId="8c84fa94-04c1-424b-9868-57a2d4851a1d" relativeResultsDirectory="ddceb2ec-4033-4d97-8017-cf40a177ba92">
      <Output>
        <StdOut>info: YellowHouseStudio.LifeOrbit.Application.Common.Behaviors.LoggingBehavior[0]
      Beginning request RemoveSafeFoodCommand [3427284e-f849-4d9d-89f2-5e3698588429]
info: YellowHouseStudio.LifeOrbit.Application.Common.Behaviors.TransactionBehavior[0]
      Beginning transaction for RemoveSafeFoodCommand
warn: YellowHouseStudio.LifeOrbit.Application.Family.RemoveSafeFood.RemoveSafeFoodCommandHandler[0]
      Family member 697836a0-b3d7-4323-995d-5b79e8fec917 not found for user 02cda8d9-50f7-4995-a496-9a5feea956d9
info: YellowHouseStudio.LifeOrbit.Application.Common.Behaviors.TransactionBehavior[0]
      Rolling back transaction for RemoveSafeFoodCommand
fail: YellowHouseStudio.LifeOrbit.Application.Common.Behaviors.LoggingBehavior[0]
      Request RemoveSafeFoodCommand [3427284e-f849-4d9d-89f2-5e3698588429] failed
      YellowHouseStudio.LifeOrbit.Application.Common.Exceptions.NotFoundException: Family member 697836a0-b3d7-4323-995d-5b79e8fec917 not found
         at YellowHouseStudio.LifeOrbit.Application.Family.RemoveSafeFood.RemoveSafeFoodCommandHandler.Handle(RemoveSafeFoodCommand request, CancellationToken cancellationToken) in /Users/johannahulten/Documents/LifeOrbit/server/YellowHouseStudio.LifeOrbit.Application/Family/RemoveSafeFood/RemoveSafeFoodCommandHandler.cs:line 33
         at YellowHouseStudio.LifeOrbit.Application.Common.Behaviors.TransactionBehavior`2.&lt;&gt;c__DisplayClass3_0.&lt;&lt;Handle&gt;b__0&gt;d.MoveNext() in /Users/johannahulten/Documents/LifeOrbit/server/YellowHouseStudio.LifeOrbit.Application/Common/Behaviors/TransactionBehavior.cs:line 40
      --- End of stack trace from previous location ---
         at YellowHouseStudio.LifeOrbit.Application.Common.Behaviors.TransactionBehavior`2.&lt;&gt;c__DisplayClass3_0.&lt;&lt;Handle&gt;b__0&gt;d.MoveNext() in /Users/johannahulten/Documents/LifeOrbit/server/YellowHouseStudio.LifeOrbit.Application/Common/Behaviors/TransactionBehavior.cs:line 53
      --- End of stack trace from previous location ---
         at YellowHouseStudio.LifeOrbit.Application.Common.Behaviors.TransactionBehavior`2.Handle(TRequest request, RequestHandlerDelegate`1 next, CancellationToken cancellationToken) in /Users/johannahulten/Documents/LifeOrbit/server/YellowHouseStudio.LifeOrbit.Application/Common/Behaviors/TransactionBehavior.cs:line 32
         at YellowHouseStudio.LifeOrbit.Application.Common.Behaviors.ValidationBehavior`2.Handle(TRequest request, RequestHandlerDelegate`1 next, CancellationToken cancellationToken) in /Users/johannahulten/Documents/LifeOrbit/server/YellowHouseStudio.LifeOrbit.Application/Common/Behaviors/ValidationBehavior.cs:line 67
         at YellowHouseStudio.LifeOrbit.Application.Common.Behaviors.LoggingBehavior`2.Handle(TRequest request, RequestHandlerDelegate`1 next, CancellationToken cancellationToken) in /Users/johannahulten/Documents/LifeOrbit/server/YellowHouseStudio.LifeOrbit.Application/Common/Behaviors/LoggingBehavior.cs:line 25</StdOut>
      </Output>
    </UnitTestResult>
    <UnitTestResult executionId="caccb387-3415-40d3-83a8-c20c21b4024c" testId="e5e6e01a-9435-91db-8c69-417cbe4b7acb" testName="Handle_prevents_duplicate_allergen" computerName="MacBook-Air-som-tillhor-Johanna" duration="00:00:00.0134780" startTime="2025-04-27T20:26:28.7429700+02:00" endTime="2025-04-27T20:26:28.7564480+02:00" testType="13cdc9d9-ddb5-4fa4-a97d-d965ccfc6d4b" outcome="Passed" testListId="8c84fa94-04c1-424b-9868-57a2d4851a1d" relativeResultsDirectory="caccb387-3415-40d3-83a8-c20c21b4024c">
      <Output>
        <StdOut>info: YellowHouseStudio.LifeOrbit.Application.Common.Behaviors.LoggingBehavior[0]
      Beginning request AddAllergyCommand [71fc70ba-2b04-46f2-8ba2-cebbd17ffefc]
info: YellowHouseStudio.LifeOrbit.Application.Common.Behaviors.TransactionBehavior[0]
      Beginning transaction for AddAllergyCommand
info: YellowHouseStudio.LifeOrbit.Application.Family.AddAllergy.AddAllergyCommandHandler[0]
      Adding new allergy Peanuts for family member 679dc021-46f4-4a4e-b0be-367e44e44f46
info: YellowHouseStudio.LifeOrbit.Application.Family.AddAllergy.AddAllergyCommandHandler[0]
      Successfully added allergy Peanuts for family member 679dc021-46f4-4a4e-b0be-367e44e44f46
info: YellowHouseStudio.LifeOrbit.Application.Common.Behaviors.TransactionBehavior[0]
      Committed transaction for AddAllergyCommand
info: YellowHouseStudio.LifeOrbit.Application.Common.Behaviors.LoggingBehavior[0]
      Completed request AddAllergyCommand [71fc70ba-2b04-46f2-8ba2-cebbd17ffefc]
info: YellowHouseStudio.LifeOrbit.Application.Common.Behaviors.LoggingBehavior[0]
      Beginning request AddAllergyCommand [d46442cd-29ee-4521-9a89-2a8cbf5ce4e8]
warn: YellowHouseStudio.LifeOrbit.Application.Common.Behaviors.ValidationBehavior[0]
      Validation failed for command AddAllergyCommand with 1 errors
fail: YellowHouseStudio.LifeOrbit.Application.Common.Behaviors.LoggingBehavior[0]
      Request AddAllergyCommand [d46442cd-29ee-4521-9a89-2a8cbf5ce4e8] failed
      FluentValidation.ValidationException: Validation failed: 
       -- Allergen: This allergy is already registered for this family member Severity: Error
         at YellowHouseStudio.LifeOrbit.Application.Common.Behaviors.ValidationBehavior`2.Handle(TRequest request, RequestHandlerDelegate`1 next, CancellationToken cancellationToken) in /Users/johannahulten/Documents/LifeOrbit/server/YellowHouseStudio.LifeOrbit.Application/Common/Behaviors/ValidationBehavior.cs:line 61
         at YellowHouseStudio.LifeOrbit.Application.Common.Behaviors.LoggingBehavior`2.Handle(TRequest request, RequestHandlerDelegate`1 next, CancellationToken cancellationToken) in /Users/johannahulten/Documents/LifeOrbit/server/YellowHouseStudio.LifeOrbit.Application/Common/Behaviors/LoggingBehavior.cs:line 25</StdOut>
      </Output>
    </UnitTestResult>
    <UnitTestResult executionId="397d4584-4077-4ccd-908d-da684f9a274e" testId="556fc2d9-e2b0-a2cd-f2f8-44187c426e47" testName="Handle_should_add_food_preference_when_valid" computerName="MacBook-Air-som-tillhor-Johanna" duration="00:00:00.0013180" startTime="2025-04-27T20:26:28.8443710+02:00" endTime="2025-04-27T20:26:28.8456890+02:00" testType="13cdc9d9-ddb5-4fa4-a97d-d965ccfc6d4b" outcome="Passed" testListId="8c84fa94-04c1-424b-9868-57a2d4851a1d" relativeResultsDirectory="397d4584-4077-4ccd-908d-da684f9a274e" />
    <UnitTestResult executionId="3c6ad8fc-2765-4d9c-bda5-6a694316ec8e" testId="1daa8d04-c84a-cc3a-d53e-28e6bc8c6db7" testName="Handle_throws_validation_error_for_different_user_family_member" computerName="MacBook-Air-som-tillhor-Johanna" duration="00:00:00.0027810" startTime="2025-04-27T20:26:28.7564960+02:00" endTime="2025-04-27T20:26:28.7592770+02:00" testType="13cdc9d9-ddb5-4fa4-a97d-d965ccfc6d4b" outcome="Passed" testListId="8c84fa94-04c1-424b-9868-57a2d4851a1d" relativeResultsDirectory="3c6ad8fc-2765-4d9c-bda5-6a694316ec8e">
      <Output>
        <StdOut>info: YellowHouseStudio.LifeOrbit.Application.Common.Behaviors.LoggingBehavior[0]
      Beginning request AddAllergyCommand [432a9c19-1234-4c0f-973d-95b05ab9f431]
warn: YellowHouseStudio.LifeOrbit.Application.Common.Behaviors.ValidationBehavior[0]
      Validation failed for command AddAllergyCommand with 1 errors
fail: YellowHouseStudio.LifeOrbit.Application.Common.Behaviors.LoggingBehavior[0]
      Request AddAllergyCommand [432a9c19-1234-4c0f-973d-95b05ab9f431] failed
      FluentValidation.ValidationException: Validation failed: 
       -- FamilyMemberId: Family member not found Severity: Error
         at YellowHouseStudio.LifeOrbit.Application.Common.Behaviors.ValidationBehavior`2.Handle(TRequest request, RequestHandlerDelegate`1 next, CancellationToken cancellationToken) in /Users/johannahulten/Documents/LifeOrbit/server/YellowHouseStudio.LifeOrbit.Application/Common/Behaviors/ValidationBehavior.cs:line 61
         at YellowHouseStudio.LifeOrbit.Application.Common.Behaviors.LoggingBehavior`2.Handle(TRequest request, RequestHandlerDelegate`1 next, CancellationToken cancellationToken) in /Users/johannahulten/Documents/LifeOrbit/server/YellowHouseStudio.LifeOrbit.Application/Common/Behaviors/LoggingBehavior.cs:line 25</StdOut>
      </Output>
    </UnitTestResult>
    <UnitTestResult executionId="9a74238f-6c06-4bbd-89e5-6669d2099ed6" testId="4a9ae019-a07d-78ef-0301-19668d8886c8" testName="Should_Have_Error_When_FamilyMemberId_Empty" computerName="MacBook-Air-som-tillhor-Johanna" duration="00:00:00.0010570" startTime="2025-04-27T20:26:28.7720930+02:00" endTime="2025-04-27T20:26:28.7731500+02:00" testType="13cdc9d9-ddb5-4fa4-a97d-d965ccfc6d4b" outcome="Passed" testListId="8c84fa94-04c1-424b-9868-57a2d4851a1d" relativeResultsDirectory="9a74238f-6c06-4bbd-89e5-6669d2099ed6" />
    <UnitTestResult executionId="36a18623-b1ea-4e3a-a620-8641bd92ef96" testId="f8e99ef3-6210-1d5c-0272-2906e082714f" testName="Handle_should_add_duplicate_food_preference_and_update_status" computerName="MacBook-Air-som-tillhor-Johanna" duration="00:00:00.0085770" startTime="2025-04-27T20:26:28.8357720+02:00" endTime="2025-04-27T20:26:28.8443490+02:00" testType="13cdc9d9-ddb5-4fa4-a97d-d965ccfc6d4b" outcome="Passed" testListId="8c84fa94-04c1-424b-9868-57a2d4851a1d" relativeResultsDirectory="36a18623-b1ea-4e3a-a620-8641bd92ef96" />
    <UnitTestResult executionId="300f44d0-d262-485f-a307-81543a78caff" testId="cb5003b3-5190-5be8-ce3c-d26bc5fc3ff5" testName="Handle_creates_unique_complete_family_members_for_same_user" computerName="MacBook-Air-som-tillhor-Johanna" duration="00:00:00.0114819" startTime="2025-04-27T20:26:28.8025640+02:00" endTime="2025-04-27T20:26:28.8140460+02:00" testType="13cdc9d9-ddb5-4fa4-a97d-d965ccfc6d4b" outcome="Passed" testListId="8c84fa94-04c1-424b-9868-57a2d4851a1d" relativeResultsDirectory="300f44d0-d262-485f-a307-81543a78caff">
      <Output>
        <StdOut>info: YellowHouseStudio.LifeOrbit.Application.Common.Behaviors.LoggingBehavior[0]
      Beginning request AddCompleteFamilyMemberCommand [7add44cc-5106-4bd2-938c-efa74e466c50]
info: YellowHouseStudio.LifeOrbit.Application.Common.Behaviors.TransactionBehavior[0]
      Beginning transaction for AddCompleteFamilyMemberCommand
info: YellowHouseStudio.LifeOrbit.Application.Family.AddCompleteFamilyMember.AddCompleteFamilyMemberCommandHandler[0]
      Successfully created family member e58bea63-9512-4b29-b021-edecbcc519d2 for user 48669bcb-c7a7-4a3c-822d-49c2babb64be
info: YellowHouseStudio.LifeOrbit.Application.Common.Behaviors.TransactionBehavior[0]
      Committed transaction for AddCompleteFamilyMemberCommand
info: YellowHouseStudio.LifeOrbit.Application.Common.Behaviors.LoggingBehavior[0]
      Completed request AddCompleteFamilyMemberCommand [7add44cc-5106-4bd2-938c-efa74e466c50]
info: YellowHouseStudio.LifeOrbit.Application.Common.Behaviors.LoggingBehavior[0]
      Beginning request AddCompleteFamilyMemberCommand [e5ae7629-0857-40a2-b8b0-cd2fe4169091]
info: YellowHouseStudio.LifeOrbit.Application.Common.Behaviors.TransactionBehavior[0]
      Beginning transaction for AddCompleteFamilyMemberCommand
info: YellowHouseStudio.LifeOrbit.Application.Family.AddCompleteFamilyMember.AddCompleteFamilyMemberCommandHandler[0]
      Successfully created family member 52f159d6-60ba-44c2-8ec8-d916eccbdb77 for user 48669bcb-c7a7-4a3c-822d-49c2babb64be
info: YellowHouseStudio.LifeOrbit.Application.Common.Behaviors.TransactionBehavior[0]
      Committed transaction for AddCompleteFamilyMemberCommand
info: YellowHouseStudio.LifeOrbit.Application.Common.Behaviors.LoggingBehavior[0]
      Completed request AddCompleteFamilyMemberCommand [e5ae7629-0857-40a2-b8b0-cd2fe4169091]</StdOut>
      </Output>
    </UnitTestResult>
    <UnitTestResult executionId="d9e5d6db-f534-492f-9ab5-b90a84c97abc" testId="d11ee9e8-7986-7b13-77d2-263e5c6ce2f5" testName="RemoveAllergy_removes_allergy_successfully" computerName="MacBook-Air-som-tillhor-Johanna" duration="00:00:00.0045050" startTime="2025-04-27T20:26:28.8938010+02:00" endTime="2025-04-27T20:26:28.8983060+02:00" testType="13cdc9d9-ddb5-4fa4-a97d-d965ccfc6d4b" outcome="Passed" testListId="8c84fa94-04c1-424b-9868-57a2d4851a1d" relativeResultsDirectory="d9e5d6db-f534-492f-9ab5-b90a84c97abc">
      <Output>
        <StdOut>info: YellowHouseStudio.LifeOrbit.Application.Common.Behaviors.LoggingBehavior[0]
      Beginning request RemoveAllergyCommand [d20e4203-7e80-4bc9-9d15-9a70d81f0804]
info: YellowHouseStudio.LifeOrbit.Application.Common.Behaviors.TransactionBehavior[0]
      Beginning transaction for RemoveAllergyCommand
info: YellowHouseStudio.LifeOrbit.Application.Family.RemoveAllergy.RemoveAllergyCommandHandler[0]
      Successfully removed allergy Peanuts for family member 515369e9-d195-49cd-885a-1dfeb8283e7f
info: YellowHouseStudio.LifeOrbit.Application.Common.Behaviors.TransactionBehavior[0]
      Committed transaction for RemoveAllergyCommand
info: YellowHouseStudio.LifeOrbit.Application.Common.Behaviors.LoggingBehavior[0]
      Completed request RemoveAllergyCommand [d20e4203-7e80-4bc9-9d15-9a70d81f0804]</StdOut>
      </Output>
    </UnitTestResult>
    <UnitTestResult executionId="d1d9616a-cc94-4fc5-a8a5-531573718e41" testId="19f22cef-e897-43a5-9314-63ec17790dba" testName="Handle_removes_safe_food_and_returns_result" computerName="MacBook-Air-som-tillhor-Johanna" duration="00:00:00.0035820" startTime="2025-04-27T20:26:28.9053770+02:00" endTime="2025-04-27T20:26:28.9089590+02:00" testType="13cdc9d9-ddb5-4fa4-a97d-d965ccfc6d4b" outcome="Passed" testListId="8c84fa94-04c1-424b-9868-57a2d4851a1d" relativeResultsDirectory="d1d9616a-cc94-4fc5-a8a5-531573718e41">
      <Output>
        <StdOut>info: YellowHouseStudio.LifeOrbit.Application.Common.Behaviors.LoggingBehavior[0]
      Beginning request RemoveSafeFoodCommand [7e64d1c1-85e5-4d1b-937e-738b5335a1a3]
info: YellowHouseStudio.LifeOrbit.Application.Common.Behaviors.TransactionBehavior[0]
      Beginning transaction for RemoveSafeFoodCommand
info: YellowHouseStudio.LifeOrbit.Application.Family.RemoveSafeFood.RemoveSafeFoodCommandHandler[0]
      Successfully removed safe food Apple for family member bdc58922-947f-4d21-9d05-de5da83cc43a
info: YellowHouseStudio.LifeOrbit.Application.Common.Behaviors.TransactionBehavior[0]
      Committed transaction for RemoveSafeFoodCommand
info: YellowHouseStudio.LifeOrbit.Application.Common.Behaviors.LoggingBehavior[0]
      Completed request RemoveSafeFoodCommand [7e64d1c1-85e5-4d1b-937e-738b5335a1a3]</StdOut>
      </Output>
    </UnitTestResult>
    <UnitTestResult executionId="8f9f52eb-ec4f-4c06-9807-d432636cd37e" testId="03c5bfc8-e665-cae7-0480-95bf401f56f4" testName="Should_Have_Error_When_FamilyMember_Not_Found" computerName="MacBook-Air-som-tillhor-Johanna" duration="00:00:00.0009000" startTime="2025-04-27T20:26:28.7711750+02:00" endTime="2025-04-27T20:26:28.7720750+02:00" testType="13cdc9d9-ddb5-4fa4-a97d-d965ccfc6d4b" outcome="Passed" testListId="8c84fa94-04c1-424b-9868-57a2d4851a1d" relativeResultsDirectory="8f9f52eb-ec4f-4c06-9807-d432636cd37e" />
  </Results>
  <TestDefinitions>
    <UnitTest name="Handle_should_add_food_preference_when_valid" storage="/users/johannahulten/documents/lifeorbit/server/yellowhousestudio.lifeorbit.tests.integration/bin/debug/net8.0/yellowhousestudio.lifeorbit.tests.integration.dll" id="556fc2d9-e2b0-a2cd-f2f8-44187c426e47">
      <Execution id="397d4584-4077-4ccd-908d-da684f9a274e" />
      <TestMethod codeBase="/Users/johannahulten/Documents/LifeOrbit/server/YellowHouseStudio.LifeOrbit.Tests.Integration/bin/Debug/net8.0/YellowHouseStudio.LifeOrbit.Tests.Integration.dll" adapterTypeName="executor://nunit3testexecutor/" className="YellowHouseStudio.LifeOrbit.Tests.Integration.Application.Family.AddFoodPreferenceCommandHandlerTests" name="Handle_should_add_food_preference_when_valid" />
    </UnitTest>
    <UnitTest name="Should_Have_Error_When_Allergen_Too_Long" storage="/users/johannahulten/documents/lifeorbit/server/yellowhousestudio.lifeorbit.tests.integration/bin/debug/net8.0/yellowhousestudio.lifeorbit.tests.integration.dll" id="bb00f71d-d6f1-3bd7-150c-7d51ffa98913">
      <Execution id="1e55a00f-b462-4e48-82b2-2f8994f672d4" />
      <TestMethod codeBase="/Users/johannahulten/Documents/LifeOrbit/server/YellowHouseStudio.LifeOrbit.Tests.Integration/bin/Debug/net8.0/YellowHouseStudio.LifeOrbit.Tests.Integration.dll" adapterTypeName="executor://nunit3testexecutor/" className="YellowHouseStudio.LifeOrbit.Tests.Integration.Application.Family.AddAllergy.AddAllergyCommandValidatorTests" name="Should_Have_Error_When_Allergen_Too_Long" />
    </UnitTest>
    <UnitTest name="Handle_should_throw_NotFoundException_when_family_member_not_found" storage="/users/johannahulten/documents/lifeorbit/server/yellowhousestudio.lifeorbit.tests.integration/bin/debug/net8.0/yellowhousestudio.lifeorbit.tests.integration.dll" id="0e530775-9604-76ea-7ad0-3014488b4724">
      <Execution id="73428408-873c-4df4-bc5a-626ec45dd5c8" />
      <TestMethod codeBase="/Users/johannahulten/Documents/LifeOrbit/server/YellowHouseStudio.LifeOrbit.Tests.Integration/bin/Debug/net8.0/YellowHouseStudio.LifeOrbit.Tests.Integration.dll" adapterTypeName="executor://nunit3testexecutor/" className="YellowHouseStudio.LifeOrbit.Tests.Integration.Application.Family.AddFoodPreferenceCommandHandlerTests" name="Handle_should_throw_NotFoundException_when_family_member_not_found" />
    </UnitTest>
    <UnitTest name="Handle_adds_allergy_to_family_member" storage="/users/johannahulten/documents/lifeorbit/server/yellowhousestudio.lifeorbit.tests.integration/bin/debug/net8.0/yellowhousestudio.lifeorbit.tests.integration.dll" id="98a9448b-a985-bda7-5bb7-581ecee70141">
      <Execution id="4accc6a5-d244-44ac-9435-c68fc8911b14" />
      <TestMethod codeBase="/Users/johannahulten/Documents/LifeOrbit/server/YellowHouseStudio.LifeOrbit.Tests.Integration/bin/Debug/net8.0/YellowHouseStudio.LifeOrbit.Tests.Integration.dll" adapterTypeName="executor://nunit3testexecutor/" className="YellowHouseStudio.LifeOrbit.Tests.Integration.Application.Family.AddAllergy.AddAllergyCommandHandlerTests" name="Handle_adds_allergy_to_family_member" />
    </UnitTest>
    <UnitTest name="Handle_adds_multiple_allergies_to_family_member" storage="/users/johannahulten/documents/lifeorbit/server/yellowhousestudio.lifeorbit.tests.integration/bin/debug/net8.0/yellowhousestudio.lifeorbit.tests.integration.dll" id="a1284ead-43bc-e05f-e2a1-12b645521431">
      <Execution id="a3bbbc9a-62ec-47f5-8b6e-8c26f3cdd2c0" />
      <TestMethod codeBase="/Users/johannahulten/Documents/LifeOrbit/server/YellowHouseStudio.LifeOrbit.Tests.Integration/bin/Debug/net8.0/YellowHouseStudio.LifeOrbit.Tests.Integration.dll" adapterTypeName="executor://nunit3testexecutor/" className="YellowHouseStudio.LifeOrbit.Tests.Integration.Application.Family.AddAllergy.AddAllergyCommandHandlerTests" name="Handle_adds_multiple_allergies_to_family_member" />
    </UnitTest>
    <UnitTest name="RemoveAllergy_throws_validation_for_unauthorized_user" storage="/users/johannahulten/documents/lifeorbit/server/yellowhousestudio.lifeorbit.tests.integration/bin/debug/net8.0/yellowhousestudio.lifeorbit.tests.integration.dll" id="f93012be-2f7d-07b2-c4af-2a00166e3720">
      <Execution id="8d498d6c-f911-4a53-afb0-f068f0d93ad3" />
      <TestMethod codeBase="/Users/johannahulten/Documents/LifeOrbit/server/YellowHouseStudio.LifeOrbit.Tests.Integration/bin/Debug/net8.0/YellowHouseStudio.LifeOrbit.Tests.Integration.dll" adapterTypeName="executor://nunit3testexecutor/" className="YellowHouseStudio.LifeOrbit.Tests.Integration.Application.Family.RemoveAllergy.RemoveAllergyCommandHandlerTests" name="RemoveAllergy_throws_validation_for_unauthorized_user" />
    </UnitTest>
    <UnitTest name="Handle_throws_NotFoundException_for_missing_safe_food" storage="/users/johannahulten/documents/lifeorbit/server/yellowhousestudio.lifeorbit.tests.integration/bin/debug/net8.0/yellowhousestudio.lifeorbit.tests.integration.dll" id="0c440654-e722-01c4-d9d0-569dc796d8ab">
      <Execution id="89aff5fb-e55f-4770-8caf-28eeda701790" />
      <TestMethod codeBase="/Users/johannahulten/Documents/LifeOrbit/server/YellowHouseStudio.LifeOrbit.Tests.Integration/bin/Debug/net8.0/YellowHouseStudio.LifeOrbit.Tests.Integration.dll" adapterTypeName="executor://nunit3testexecutor/" className="YellowHouseStudio.LifeOrbit.Tests.Integration.Application.Family.RemoveSafeFoodCommandHandlerTests" name="Handle_throws_NotFoundException_for_missing_safe_food" />
    </UnitTest>
    <UnitTest name="Handle_throws_NotFoundException_for_missing_member" storage="/users/johannahulten/documents/lifeorbit/server/yellowhousestudio.lifeorbit.tests.integration/bin/debug/net8.0/yellowhousestudio.lifeorbit.tests.integration.dll" id="652b1099-190e-62cb-5b2f-e96c4644a990">
      <Execution id="b566e41d-5449-4a70-8987-ff114f92e40c" />
      <TestMethod codeBase="/Users/johannahulten/Documents/LifeOrbit/server/YellowHouseStudio.LifeOrbit.Tests.Integration/bin/Debug/net8.0/YellowHouseStudio.LifeOrbit.Tests.Integration.dll" adapterTypeName="executor://nunit3testexecutor/" className="YellowHouseStudio.LifeOrbit.Tests.Integration.Application.Family.AddSafeFoodCommandHandlerTests" name="Handle_throws_NotFoundException_for_missing_member" />
    </UnitTest>
    <UnitTest name="Handle_throws_validation_error_for_different_user_family_member" storage="/users/johannahulten/documents/lifeorbit/server/yellowhousestudio.lifeorbit.tests.integration/bin/debug/net8.0/yellowhousestudio.lifeorbit.tests.integration.dll" id="1daa8d04-c84a-cc3a-d53e-28e6bc8c6db7">
      <Execution id="3c6ad8fc-2765-4d9c-bda5-6a694316ec8e" />
      <TestMethod codeBase="/Users/johannahulten/Documents/LifeOrbit/server/YellowHouseStudio.LifeOrbit.Tests.Integration/bin/Debug/net8.0/YellowHouseStudio.LifeOrbit.Tests.Integration.dll" adapterTypeName="executor://nunit3testexecutor/" className="YellowHouseStudio.LifeOrbit.Tests.Integration.Application.Family.AddAllergy.AddAllergyCommandHandlerTests" name="Handle_throws_validation_error_for_different_user_family_member" />
    </UnitTest>
    <UnitTest name="RemoveAllergy_throws_validation_for_nonexistent_allergy" storage="/users/johannahulten/documents/lifeorbit/server/yellowhousestudio.lifeorbit.tests.integration/bin/debug/net8.0/yellowhousestudio.lifeorbit.tests.integration.dll" id="d9fb5d32-5434-902a-75ff-ae84a9ff6055">
      <Execution id="b2508ed2-e00b-4023-9077-4833e75d727f" />
      <TestMethod codeBase="/Users/johannahulten/Documents/LifeOrbit/server/YellowHouseStudio.LifeOrbit.Tests.Integration/bin/Debug/net8.0/YellowHouseStudio.LifeOrbit.Tests.Integration.dll" adapterTypeName="executor://nunit3testexecutor/" className="YellowHouseStudio.LifeOrbit.Tests.Integration.Application.Family.RemoveAllergy.RemoveAllergyCommandHandlerTests" name="RemoveAllergy_throws_validation_for_nonexistent_allergy" />
    </UnitTest>
    <UnitTest name="Should_Have_Error_When_Allergy_Already_Exists" storage="/users/johannahulten/documents/lifeorbit/server/yellowhousestudio.lifeorbit.tests.integration/bin/debug/net8.0/yellowhousestudio.lifeorbit.tests.integration.dll" id="52f05a78-42d7-ac7e-ca11-124e53e40a04">
      <Execution id="9e5a08c2-916f-4121-9ef1-186a3ad9d5b9" />
      <TestMethod codeBase="/Users/johannahulten/Documents/LifeOrbit/server/YellowHouseStudio.LifeOrbit.Tests.Integration/bin/Debug/net8.0/YellowHouseStudio.LifeOrbit.Tests.Integration.dll" adapterTypeName="executor://nunit3testexecutor/" className="YellowHouseStudio.LifeOrbit.Tests.Integration.Application.Family.AddAllergy.AddAllergyCommandValidatorTests" name="Should_Have_Error_When_Allergy_Already_Exists" />
    </UnitTest>
    <UnitTest name="Should_Have_Error_When_Allergen_Empty" storage="/users/johannahulten/documents/lifeorbit/server/yellowhousestudio.lifeorbit.tests.integration/bin/debug/net8.0/yellowhousestudio.lifeorbit.tests.integration.dll" id="dc28df5f-f0f3-30c2-b8f6-a5487362f09f">
      <Execution id="5711dc83-3967-4f91-a41d-8fef044f990c" />
      <TestMethod codeBase="/Users/johannahulten/Documents/LifeOrbit/server/YellowHouseStudio.LifeOrbit.Tests.Integration/bin/Debug/net8.0/YellowHouseStudio.LifeOrbit.Tests.Integration.dll" adapterTypeName="executor://nunit3testexecutor/" className="YellowHouseStudio.LifeOrbit.Tests.Integration.Application.Family.AddAllergy.AddAllergyCommandValidatorTests" name="Should_Have_Error_When_Allergen_Empty" />
    </UnitTest>
    <UnitTest name="Handle_duplicate_safe_food_is_noop" storage="/users/johannahulten/documents/lifeorbit/server/yellowhousestudio.lifeorbit.tests.integration/bin/debug/net8.0/yellowhousestudio.lifeorbit.tests.integration.dll" id="e4b52f03-7b41-8b7f-b4a9-1c1b7b953d46">
      <Execution id="b1dc4174-0fd1-406a-b06b-0f980a80351c" />
      <TestMethod codeBase="/Users/johannahulten/Documents/LifeOrbit/server/YellowHouseStudio.LifeOrbit.Tests.Integration/bin/Debug/net8.0/YellowHouseStudio.LifeOrbit.Tests.Integration.dll" adapterTypeName="executor://nunit3testexecutor/" className="YellowHouseStudio.LifeOrbit.Tests.Integration.Application.Family.AddSafeFoodCommandHandlerTests" name="Handle_duplicate_safe_food_is_noop" />
    </UnitTest>
    <UnitTest name="Handle_should_add_duplicate_food_preference_and_update_status" storage="/users/johannahulten/documents/lifeorbit/server/yellowhousestudio.lifeorbit.tests.integration/bin/debug/net8.0/yellowhousestudio.lifeorbit.tests.integration.dll" id="f8e99ef3-6210-1d5c-0272-2906e082714f">
      <Execution id="36a18623-b1ea-4e3a-a620-8641bd92ef96" />
      <TestMethod codeBase="/Users/johannahulten/Documents/LifeOrbit/server/YellowHouseStudio.LifeOrbit.Tests.Integration/bin/Debug/net8.0/YellowHouseStudio.LifeOrbit.Tests.Integration.dll" adapterTypeName="executor://nunit3testexecutor/" className="YellowHouseStudio.LifeOrbit.Tests.Integration.Application.Family.AddFoodPreferenceCommandHandlerTests" name="Handle_should_add_duplicate_food_preference_and_update_status" />
    </UnitTest>
    <UnitTest name="Handle_adds_complete_family_member_with_all_details" storage="/users/johannahulten/documents/lifeorbit/server/yellowhousestudio.lifeorbit.tests.integration/bin/debug/net8.0/yellowhousestudio.lifeorbit.tests.integration.dll" id="165002c3-dfce-8a00-ff68-4aea38f794fb">
      <Execution id="cf0c4b37-e67d-446b-9806-5d4e842cf2de" />
      <TestMethod codeBase="/Users/johannahulten/Documents/LifeOrbit/server/YellowHouseStudio.LifeOrbit.Tests.Integration/bin/Debug/net8.0/YellowHouseStudio.LifeOrbit.Tests.Integration.dll" adapterTypeName="executor://nunit3testexecutor/" className="YellowHouseStudio.LifeOrbit.Tests.Integration.Application.Family.AddCompleteFamilyMemberCommandHandlerTests" name="Handle_adds_complete_family_member_with_all_details" />
    </UnitTest>
    <UnitTest name="Handle_throws_NotFoundException_for_missing_member" storage="/users/johannahulten/documents/lifeorbit/server/yellowhousestudio.lifeorbit.tests.integration/bin/debug/net8.0/yellowhousestudio.lifeorbit.tests.integration.dll" id="9aeb35cb-7f34-5653-3f02-070a1686f2ec">
      <Execution id="ddceb2ec-4033-4d97-8017-cf40a177ba92" />
      <TestMethod codeBase="/Users/johannahulten/Documents/LifeOrbit/server/YellowHouseStudio.LifeOrbit.Tests.Integration/bin/Debug/net8.0/YellowHouseStudio.LifeOrbit.Tests.Integration.dll" adapterTypeName="executor://nunit3testexecutor/" className="YellowHouseStudio.LifeOrbit.Tests.Integration.Application.Family.RemoveSafeFoodCommandHandlerTests" name="Handle_throws_NotFoundException_for_missing_member" />
    </UnitTest>
    <UnitTest name="Should_Not_Have_Error_When_Command_Valid" storage="/users/johannahulten/documents/lifeorbit/server/yellowhousestudio.lifeorbit.tests.integration/bin/debug/net8.0/yellowhousestudio.lifeorbit.tests.integration.dll" id="96165e12-20f4-508c-6ce5-c369f6aafa7a">
      <Execution id="532dd988-7051-47ae-9d78-5a5006d88e2c" />
      <TestMethod codeBase="/Users/johannahulten/Documents/LifeOrbit/server/YellowHouseStudio.LifeOrbit.Tests.Integration/bin/Debug/net8.0/YellowHouseStudio.LifeOrbit.Tests.Integration.dll" adapterTypeName="executor://nunit3testexecutor/" className="YellowHouseStudio.LifeOrbit.Tests.Integration.Application.Family.AddAllergy.AddAllergyCommandValidatorTests" name="Should_Not_Have_Error_When_Command_Valid" />
    </UnitTest>
    <UnitTest name="TrackNewSafeFood_should_add_safe_food_and_HasSafeFoodAsync_should_return_true" storage="/users/johannahulten/documents/lifeorbit/server/yellowhousestudio.lifeorbit.tests.integration/bin/debug/net8.0/yellowhousestudio.lifeorbit.tests.integration.dll" id="e4c4b4b8-0006-2a3e-6548-31f3984e59ed">
      <Execution id="2c785aca-c52c-45d0-9885-24daab92bde9" />
      <TestMethod codeBase="/Users/johannahulten/Documents/LifeOrbit/server/YellowHouseStudio.LifeOrbit.Tests.Integration/bin/Debug/net8.0/YellowHouseStudio.LifeOrbit.Tests.Integration.dll" adapterTypeName="executor://nunit3testexecutor/" className="YellowHouseStudio.LifeOrbit.Tests.Integration.Application.Family.FamilyMemberRepositoryTests" name="TrackNewSafeFood_should_add_safe_food_and_HasSafeFoodAsync_should_return_true" />
    </UnitTest>
    <UnitTest name="Handle_creates_unique_complete_family_members_for_same_user" storage="/users/johannahulten/documents/lifeorbit/server/yellowhousestudio.lifeorbit.tests.integration/bin/debug/net8.0/yellowhousestudio.lifeorbit.tests.integration.dll" id="cb5003b3-5190-5be8-ce3c-d26bc5fc3ff5">
      <Execution id="300f44d0-d262-485f-a307-81543a78caff" />
      <TestMethod codeBase="/Users/johannahulten/Documents/LifeOrbit/server/YellowHouseStudio.LifeOrbit.Tests.Integration/bin/Debug/net8.0/YellowHouseStudio.LifeOrbit.Tests.Integration.dll" adapterTypeName="executor://nunit3testexecutor/" className="YellowHouseStudio.LifeOrbit.Tests.Integration.Application.Family.AddCompleteFamilyMemberCommandHandlerTests" name="Handle_creates_unique_complete_family_members_for_same_user" />
    </UnitTest>
    <UnitTest name="RemoveAllergy_throws_validation_for_nonexistent_member" storage="/users/johannahulten/documents/lifeorbit/server/yellowhousestudio.lifeorbit.tests.integration/bin/debug/net8.0/yellowhousestudio.lifeorbit.tests.integration.dll" id="c6e80f3a-b11f-308d-e039-edc0ea2905ea">
      <Execution id="f8fd5184-c9dd-46a4-8ba3-19d4018d29cf" />
      <TestMethod codeBase="/Users/johannahulten/Documents/LifeOrbit/server/YellowHouseStudio.LifeOrbit.Tests.Integration/bin/Debug/net8.0/YellowHouseStudio.LifeOrbit.Tests.Integration.dll" adapterTypeName="executor://nunit3testexecutor/" className="YellowHouseStudio.LifeOrbit.Tests.Integration.Application.Family.RemoveAllergy.RemoveAllergyCommandHandlerTests" name="RemoveAllergy_throws_validation_for_nonexistent_member" />
    </UnitTest>
    <UnitTest name="Handle_prevents_duplicate_allergen" storage="/users/johannahulten/documents/lifeorbit/server/yellowhousestudio.lifeorbit.tests.integration/bin/debug/net8.0/yellowhousestudio.lifeorbit.tests.integration.dll" id="e5e6e01a-9435-91db-8c69-417cbe4b7acb">
      <Execution id="caccb387-3415-40d3-83a8-c20c21b4024c" />
      <TestMethod codeBase="/Users/johannahulten/Documents/LifeOrbit/server/YellowHouseStudio.LifeOrbit.Tests.Integration/bin/Debug/net8.0/YellowHouseStudio.LifeOrbit.Tests.Integration.dll" adapterTypeName="executor://nunit3testexecutor/" className="YellowHouseStudio.LifeOrbit.Tests.Integration.Application.Family.AddAllergy.AddAllergyCommandHandlerTests" name="Handle_prevents_duplicate_allergen" />
    </UnitTest>
    <UnitTest name="HasSafeFoodAsync_should_return_false_when_not_present" storage="/users/johannahulten/documents/lifeorbit/server/yellowhousestudio.lifeorbit.tests.integration/bin/debug/net8.0/yellowhousestudio.lifeorbit.tests.integration.dll" id="73fa1bcf-e267-9191-930e-5cf355dea39a">
      <Execution id="53a7e121-93b4-4bdd-bf58-9b72d0418b54" />
      <TestMethod codeBase="/Users/johannahulten/Documents/LifeOrbit/server/YellowHouseStudio.LifeOrbit.Tests.Integration/bin/Debug/net8.0/YellowHouseStudio.LifeOrbit.Tests.Integration.dll" adapterTypeName="executor://nunit3testexecutor/" className="YellowHouseStudio.LifeOrbit.Tests.Integration.Application.Family.FamilyMemberRepositoryTests" name="HasSafeFoodAsync_should_return_false_when_not_present" />
    </UnitTest>
    <UnitTest name="Handle_adds_family_member_and_returns_id" storage="/users/johannahulten/documents/lifeorbit/server/yellowhousestudio.lifeorbit.tests.integration/bin/debug/net8.0/yellowhousestudio.lifeorbit.tests.integration.dll" id="0c9d97b9-047c-8383-d229-0673612b5688">
      <Execution id="fb8990a6-e36a-4001-8bba-885a689a4585" />
      <TestMethod codeBase="/Users/johannahulten/Documents/LifeOrbit/server/YellowHouseStudio.LifeOrbit.Tests.Integration/bin/Debug/net8.0/YellowHouseStudio.LifeOrbit.Tests.Integration.dll" adapterTypeName="executor://nunit3testexecutor/" className="YellowHouseStudio.LifeOrbit.Tests.Integration.Application.Family.AddFamilyMemberCommandHandlerTests" name="Handle_adds_family_member_and_returns_id" />
    </UnitTest>
    <UnitTest name="Handle_adds_safe_food_and_returns_result" storage="/users/johannahulten/documents/lifeorbit/server/yellowhousestudio.lifeorbit.tests.integration/bin/debug/net8.0/yellowhousestudio.lifeorbit.tests.integration.dll" id="86c65322-2e4a-ecaf-72b2-c77fc1d05c02">
      <Execution id="67e0ec1b-1d46-4a2d-b3dd-a6d1d36c8c6f" />
      <TestMethod codeBase="/Users/johannahulten/Documents/LifeOrbit/server/YellowHouseStudio.LifeOrbit.Tests.Integration/bin/Debug/net8.0/YellowHouseStudio.LifeOrbit.Tests.Integration.dll" adapterTypeName="executor://nunit3testexecutor/" className="YellowHouseStudio.LifeOrbit.Tests.Integration.Application.Family.AddSafeFoodCommandHandlerTests" name="Handle_adds_safe_food_and_returns_result" />
    </UnitTest>
    <UnitTest name="Handle_throws_validation_error_for_non_existent_family_member" storage="/users/johannahulten/documents/lifeorbit/server/yellowhousestudio.lifeorbit.tests.integration/bin/debug/net8.0/yellowhousestudio.lifeorbit.tests.integration.dll" id="babba398-0832-8556-8c83-8390e2ffc435">
      <Execution id="4519578a-de09-4d9a-96f9-590bd829dd38" />
      <TestMethod codeBase="/Users/johannahulten/Documents/LifeOrbit/server/YellowHouseStudio.LifeOrbit.Tests.Integration/bin/Debug/net8.0/YellowHouseStudio.LifeOrbit.Tests.Integration.dll" adapterTypeName="executor://nunit3testexecutor/" className="YellowHouseStudio.LifeOrbit.Tests.Integration.Application.Family.AddAllergy.AddAllergyCommandHandlerTests" name="Handle_throws_validation_error_for_non_existent_family_member" />
    </UnitTest>
    <UnitTest name="RemoveAllergy_removes_allergy_successfully" storage="/users/johannahulten/documents/lifeorbit/server/yellowhousestudio.lifeorbit.tests.integration/bin/debug/net8.0/yellowhousestudio.lifeorbit.tests.integration.dll" id="d11ee9e8-7986-7b13-77d2-263e5c6ce2f5">
      <Execution id="d9e5d6db-f534-492f-9ab5-b90a84c97abc" />
      <TestMethod codeBase="/Users/johannahulten/Documents/LifeOrbit/server/YellowHouseStudio.LifeOrbit.Tests.Integration/bin/Debug/net8.0/YellowHouseStudio.LifeOrbit.Tests.Integration.dll" adapterTypeName="executor://nunit3testexecutor/" className="YellowHouseStudio.LifeOrbit.Tests.Integration.Application.Family.RemoveAllergy.RemoveAllergyCommandHandlerTests" name="RemoveAllergy_removes_allergy_successfully" />
    </UnitTest>
    <UnitTest name="Handle_creates_unique_family_members_for_same_user" storage="/users/johannahulten/documents/lifeorbit/server/yellowhousestudio.lifeorbit.tests.integration/bin/debug/net8.0/yellowhousestudio.lifeorbit.tests.integration.dll" id="25580f3c-1258-6ec9-c231-89f33b4cc8e2">
      <Execution id="e0c3acfd-f5a9-4d7f-aea7-760257a8ef36" />
      <TestMethod codeBase="/Users/johannahulten/Documents/LifeOrbit/server/YellowHouseStudio.LifeOrbit.Tests.Integration/bin/Debug/net8.0/YellowHouseStudio.LifeOrbit.Tests.Integration.dll" adapterTypeName="executor://nunit3testexecutor/" className="YellowHouseStudio.LifeOrbit.Tests.Integration.Application.Family.AddFamilyMemberCommandHandlerTests" name="Handle_creates_unique_family_members_for_same_user" />
    </UnitTest>
    <UnitTest name="TrackNewSafeFood_should_allow_removal_and_HasSafeFoodAsync_should_return_false" storage="/users/johannahulten/documents/lifeorbit/server/yellowhousestudio.lifeorbit.tests.integration/bin/debug/net8.0/yellowhousestudio.lifeorbit.tests.integration.dll" id="a02cf99e-ddbb-2a00-cb0e-cd82b5705160">
      <Execution id="c1acc01a-f670-43ce-b3f1-443c0a72462c" />
      <TestMethod codeBase="/Users/johannahulten/Documents/LifeOrbit/server/YellowHouseStudio.LifeOrbit.Tests.Integration/bin/Debug/net8.0/YellowHouseStudio.LifeOrbit.Tests.Integration.dll" adapterTypeName="executor://nunit3testexecutor/" className="YellowHouseStudio.LifeOrbit.Tests.Integration.Application.Family.FamilyMemberRepositoryTests" name="TrackNewSafeFood_should_allow_removal_and_HasSafeFoodAsync_should_return_false" />
    </UnitTest>
    <UnitTest name="Should_Have_Error_When_FamilyMember_Not_Found" storage="/users/johannahulten/documents/lifeorbit/server/yellowhousestudio.lifeorbit.tests.integration/bin/debug/net8.0/yellowhousestudio.lifeorbit.tests.integration.dll" id="03c5bfc8-e665-cae7-0480-95bf401f56f4">
      <Execution id="8f9f52eb-ec4f-4c06-9807-d432636cd37e" />
      <TestMethod codeBase="/Users/johannahulten/Documents/LifeOrbit/server/YellowHouseStudio.LifeOrbit.Tests.Integration/bin/Debug/net8.0/YellowHouseStudio.LifeOrbit.Tests.Integration.dll" adapterTypeName="executor://nunit3testexecutor/" className="YellowHouseStudio.LifeOrbit.Tests.Integration.Application.Family.AddAllergy.AddAllergyCommandValidatorTests" name="Should_Have_Error_When_FamilyMember_Not_Found" />
    </UnitTest>
    <UnitTest name="Should_Have_Error_When_FamilyMemberId_Empty" storage="/users/johannahulten/documents/lifeorbit/server/yellowhousestudio.lifeorbit.tests.integration/bin/debug/net8.0/yellowhousestudio.lifeorbit.tests.integration.dll" id="4a9ae019-a07d-78ef-0301-19668d8886c8">
      <Execution id="9a74238f-6c06-4bbd-89e5-6669d2099ed6" />
      <TestMethod codeBase="/Users/johannahulten/Documents/LifeOrbit/server/YellowHouseStudio.LifeOrbit.Tests.Integration/bin/Debug/net8.0/YellowHouseStudio.LifeOrbit.Tests.Integration.dll" adapterTypeName="executor://nunit3testexecutor/" className="YellowHouseStudio.LifeOrbit.Tests.Integration.Application.Family.AddAllergy.AddAllergyCommandValidatorTests" name="Should_Have_Error_When_FamilyMemberId_Empty" />
    </UnitTest>
    <UnitTest name="Handle_removes_safe_food_and_returns_result" storage="/users/johannahulten/documents/lifeorbit/server/yellowhousestudio.lifeorbit.tests.integration/bin/debug/net8.0/yellowhousestudio.lifeorbit.tests.integration.dll" id="19f22cef-e897-43a5-9314-63ec17790dba">
      <Execution id="d1d9616a-cc94-4fc5-a8a5-531573718e41" />
      <TestMethod codeBase="/Users/johannahulten/Documents/LifeOrbit/server/YellowHouseStudio.LifeOrbit.Tests.Integration/bin/Debug/net8.0/YellowHouseStudio.LifeOrbit.Tests.Integration.dll" adapterTypeName="executor://nunit3testexecutor/" className="YellowHouseStudio.LifeOrbit.Tests.Integration.Application.Family.RemoveSafeFoodCommandHandlerTests" name="Handle_removes_safe_food_and_returns_result" />
    </UnitTest>
  </TestDefinitions>
  <TestEntries>
    <TestEntry testId="98a9448b-a985-bda7-5bb7-581ecee70141" executionId="4accc6a5-d244-44ac-9435-c68fc8911b14" testListId="8c84fa94-04c1-424b-9868-57a2d4851a1d" />
    <TestEntry testId="c6e80f3a-b11f-308d-e039-edc0ea2905ea" executionId="f8fd5184-c9dd-46a4-8ba3-19d4018d29cf" testListId="8c84fa94-04c1-424b-9868-57a2d4851a1d" />
    <TestEntry testId="a02cf99e-ddbb-2a00-cb0e-cd82b5705160" executionId="c1acc01a-f670-43ce-b3f1-443c0a72462c" testListId="8c84fa94-04c1-424b-9868-57a2d4851a1d" />
    <TestEntry testId="652b1099-190e-62cb-5b2f-e96c4644a990" executionId="b566e41d-5449-4a70-8987-ff114f92e40c" testListId="8c84fa94-04c1-424b-9868-57a2d4851a1d" />
    <TestEntry testId="bb00f71d-d6f1-3bd7-150c-7d51ffa98913" executionId="1e55a00f-b462-4e48-82b2-2f8994f672d4" testListId="8c84fa94-04c1-424b-9868-57a2d4851a1d" />
    <TestEntry testId="f93012be-2f7d-07b2-c4af-2a00166e3720" executionId="8d498d6c-f911-4a53-afb0-f068f0d93ad3" testListId="8c84fa94-04c1-424b-9868-57a2d4851a1d" />
    <TestEntry testId="52f05a78-42d7-ac7e-ca11-124e53e40a04" executionId="9e5a08c2-916f-4121-9ef1-186a3ad9d5b9" testListId="8c84fa94-04c1-424b-9868-57a2d4851a1d" />
    <TestEntry testId="e4c4b4b8-0006-2a3e-6548-31f3984e59ed" executionId="2c785aca-c52c-45d0-9885-24daab92bde9" testListId="8c84fa94-04c1-424b-9868-57a2d4851a1d" />
    <TestEntry testId="d9fb5d32-5434-902a-75ff-ae84a9ff6055" executionId="b2508ed2-e00b-4023-9077-4833e75d727f" testListId="8c84fa94-04c1-424b-9868-57a2d4851a1d" />
    <TestEntry testId="dc28df5f-f0f3-30c2-b8f6-a5487362f09f" executionId="5711dc83-3967-4f91-a41d-8fef044f990c" testListId="8c84fa94-04c1-424b-9868-57a2d4851a1d" />
    <TestEntry testId="165002c3-dfce-8a00-ff68-4aea38f794fb" executionId="cf0c4b37-e67d-446b-9806-5d4e842cf2de" testListId="8c84fa94-04c1-424b-9868-57a2d4851a1d" />
    <TestEntry testId="86c65322-2e4a-ecaf-72b2-c77fc1d05c02" executionId="67e0ec1b-1d46-4a2d-b3dd-a6d1d36c8c6f" testListId="8c84fa94-04c1-424b-9868-57a2d4851a1d" />
    <TestEntry testId="babba398-0832-8556-8c83-8390e2ffc435" executionId="4519578a-de09-4d9a-96f9-590bd829dd38" testListId="8c84fa94-04c1-424b-9868-57a2d4851a1d" />
    <TestEntry testId="73fa1bcf-e267-9191-930e-5cf355dea39a" executionId="53a7e121-93b4-4bdd-bf58-9b72d0418b54" testListId="8c84fa94-04c1-424b-9868-57a2d4851a1d" />
    <TestEntry testId="25580f3c-1258-6ec9-c231-89f33b4cc8e2" executionId="e0c3acfd-f5a9-4d7f-aea7-760257a8ef36" testListId="8c84fa94-04c1-424b-9868-57a2d4851a1d" />
    <TestEntry testId="e4b52f03-7b41-8b7f-b4a9-1c1b7b953d46" executionId="b1dc4174-0fd1-406a-b06b-0f980a80351c" testListId="8c84fa94-04c1-424b-9868-57a2d4851a1d" />
    <TestEntry testId="0e530775-9604-76ea-7ad0-3014488b4724" executionId="73428408-873c-4df4-bc5a-626ec45dd5c8" testListId="8c84fa94-04c1-424b-9868-57a2d4851a1d" />
    <TestEntry testId="a1284ead-43bc-e05f-e2a1-12b645521431" executionId="a3bbbc9a-62ec-47f5-8b6e-8c26f3cdd2c0" testListId="8c84fa94-04c1-424b-9868-57a2d4851a1d" />
    <TestEntry testId="0c9d97b9-047c-8383-d229-0673612b5688" executionId="fb8990a6-e36a-4001-8bba-885a689a4585" testListId="8c84fa94-04c1-424b-9868-57a2d4851a1d" />
    <TestEntry testId="0c440654-e722-01c4-d9d0-569dc796d8ab" executionId="89aff5fb-e55f-4770-8caf-28eeda701790" testListId="8c84fa94-04c1-424b-9868-57a2d4851a1d" />
    <TestEntry testId="96165e12-20f4-508c-6ce5-c369f6aafa7a" executionId="532dd988-7051-47ae-9d78-5a5006d88e2c" testListId="8c84fa94-04c1-424b-9868-57a2d4851a1d" />
    <TestEntry testId="9aeb35cb-7f34-5653-3f02-070a1686f2ec" executionId="ddceb2ec-4033-4d97-8017-cf40a177ba92" testListId="8c84fa94-04c1-424b-9868-57a2d4851a1d" />
    <TestEntry testId="e5e6e01a-9435-91db-8c69-417cbe4b7acb" executionId="caccb387-3415-40d3-83a8-c20c21b4024c" testListId="8c84fa94-04c1-424b-9868-57a2d4851a1d" />
    <TestEntry testId="556fc2d9-e2b0-a2cd-f2f8-44187c426e47" executionId="397d4584-4077-4ccd-908d-da684f9a274e" testListId="8c84fa94-04c1-424b-9868-57a2d4851a1d" />
    <TestEntry testId="1daa8d04-c84a-cc3a-d53e-28e6bc8c6db7" executionId="3c6ad8fc-2765-4d9c-bda5-6a694316ec8e" testListId="8c84fa94-04c1-424b-9868-57a2d4851a1d" />
    <TestEntry testId="4a9ae019-a07d-78ef-0301-19668d8886c8" executionId="9a74238f-6c06-4bbd-89e5-6669d2099ed6" testListId="8c84fa94-04c1-424b-9868-57a2d4851a1d" />
    <TestEntry testId="f8e99ef3-6210-1d5c-0272-2906e082714f" executionId="36a18623-b1ea-4e3a-a620-8641bd92ef96" testListId="8c84fa94-04c1-424b-9868-57a2d4851a1d" />
    <TestEntry testId="cb5003b3-5190-5be8-ce3c-d26bc5fc3ff5" executionId="300f44d0-d262-485f-a307-81543a78caff" testListId="8c84fa94-04c1-424b-9868-57a2d4851a1d" />
    <TestEntry testId="d11ee9e8-7986-7b13-77d2-263e5c6ce2f5" executionId="d9e5d6db-f534-492f-9ab5-b90a84c97abc" testListId="8c84fa94-04c1-424b-9868-57a2d4851a1d" />
    <TestEntry testId="19f22cef-e897-43a5-9314-63ec17790dba" executionId="d1d9616a-cc94-4fc5-a8a5-531573718e41" testListId="8c84fa94-04c1-424b-9868-57a2d4851a1d" />
    <TestEntry testId="03c5bfc8-e665-cae7-0480-95bf401f56f4" executionId="8f9f52eb-ec4f-4c06-9807-d432636cd37e" testListId="8c84fa94-04c1-424b-9868-57a2d4851a1d" />
  </TestEntries>
  <TestLists>
    <TestList name="Results Not in a List" id="8c84fa94-04c1-424b-9868-57a2d4851a1d" />
    <TestList name="All Loaded Results" id="19431567-8539-422a-85d7-44ee4e166bda" />
  </TestLists>
  <ResultSummary outcome="Completed">
    <Counters total="31" executed="31" passed="31" failed="0" error="0" timeout="0" aborted="0" inconclusive="0" passedButRunAborted="0" notRunnable="0" notExecuted="0" disconnected="0" warning="0" completed="0" inProgress="0" pending="0" />
    <Output>
      <StdOut>NUnit Adapter 5.0.0.0: Test execution started
Running all tests in /Users/johannahulten/Documents/LifeOrbit/server/YellowHouseStudio.LifeOrbit.Tests.Integration/bin/Debug/net8.0/YellowHouseStudio.LifeOrbit.Tests.Integration.dll
   NUnit3TestExecutor discovered 31 of 31 NUnit test cases using Current Discovery mode, Non-Explicit run
info: YellowHouseStudio.LifeOrbit.Application.Common.Behaviors.LoggingBehavior[0]
      Beginning request AddAllergyCommand [f582453b-33fb-4433-979b-533c7e13e78b]
info: YellowHouseStudio.LifeOrbit.Application.Common.Behaviors.TransactionBehavior[0]
      Beginning transaction for AddAllergyCommand
info: YellowHouseStudio.LifeOrbit.Application.Family.AddAllergy.AddAllergyCommandHandler[0]
      Adding new allergy Peanuts for family member b1d2f58e-d8cf-4175-b7f7-2881c5943722
info: YellowHouseStudio.LifeOrbit.Application.Family.AddAllergy.AddAllergyCommandHandler[0]
      Successfully added allergy Peanuts for family member b1d2f58e-d8cf-4175-b7f7-2881c5943722
info: YellowHouseStudio.LifeOrbit.Application.Common.Behaviors.TransactionBehavior[0]
      Committed transaction for AddAllergyCommand
info: YellowHouseStudio.LifeOrbit.Application.Common.Behaviors.LoggingBehavior[0]
      Completed request AddAllergyCommand [f582453b-33fb-4433-979b-533c7e13e78b]

info: YellowHouseStudio.LifeOrbit.Application.Common.Behaviors.LoggingBehavior[0]
      Beginning request AddAllergyCommand [2f48e8c3-f1bd-4abd-961b-609b179e2714]
info: YellowHouseStudio.LifeOrbit.Application.Common.Behaviors.TransactionBehavior[0]
      Beginning transaction for AddAllergyCommand
info: YellowHouseStudio.LifeOrbit.Application.Family.AddAllergy.AddAllergyCommandHandler[0]
      Adding new allergy Peanuts for family member 56d15107-530e-4ee0-ab82-1349ab974b1a
info: YellowHouseStudio.LifeOrbit.Application.Family.AddAllergy.AddAllergyCommandHandler[0]
      Successfully added allergy Peanuts for family member 56d15107-530e-4ee0-ab82-1349ab974b1a
info: YellowHouseStudio.LifeOrbit.Application.Common.Behaviors.TransactionBehavior[0]
      Committed transaction for AddAllergyCommand
info: YellowHouseStudio.LifeOrbit.Application.Common.Behaviors.LoggingBehavior[0]
      Completed request AddAllergyCommand [2f48e8c3-f1bd-4abd-961b-609b179e2714]
info: YellowHouseStudio.LifeOrbit.Application.Common.Behaviors.LoggingBehavior[0]
      Beginning request AddAllergyCommand [ca209f2e-8c72-40b5-ac11-ea8d2442ad76]
info: YellowHouseStudio.LifeOrbit.Application.Common.Behaviors.TransactionBehavior[0]
      Beginning transaction for AddAllergyCommand
[...]
      Completed request AddCompleteFamilyMemberCommand [14767016-4115-48b9-9e80-4705f87e3d8f]

info: YellowHouseStudio.LifeOrbit.Application.Common.Behaviors.LoggingBehavior[0]
      Beginning request AddCompleteFamilyMemberCommand [7add44cc-5106-4bd2-938c-efa74e466c50]
info: YellowHouseStudio.LifeOrbit.Application.Common.Behaviors.TransactionBehavior[0]
      Beginning transaction for AddCompleteFamilyMemberCommand
info: YellowHouseStudio.LifeOrbit.Application.Family.AddCompleteFamilyMember.AddCompleteFamilyMemberCommandHandler[0]
      Successfully created family member e58bea63-9512-4b29-b021-edecbcc519d2 for user 48669bcb-c7a7-4a3c-822d-49c2babb64be
info: YellowHouseStudio.LifeOrbit.Application.Common.Behaviors.TransactionBehavior[0]
      Committed transaction for AddCompleteFamilyMemberCommand
info: YellowHouseStudio.LifeOrbit.Application.Common.Behaviors.LoggingBehavior[0]
      Completed request AddCompleteFamilyMemberCommand [7add44cc-5106-4bd2-938c-efa74e466c50]
info: YellowHouseStudio.LifeOrbit.Application.Common.Behaviors.LoggingBehavior[0]
      Beginning request AddCompleteFamilyMemberCommand [e5ae7629-0857-40a2-b8b0-cd2fe4169091]
info: YellowHouseStudio.LifeOrbit.Application.Common.Behaviors.TransactionBehavior[0]
      Beginning transaction for AddCompleteFamilyMemberCommand
info: YellowHouseStudio.LifeOrbit.Application.Family.AddCompleteFamilyMember.AddCompleteFamilyMemberCommandHandler[0]
      Successfully created family member 52f159d6-60ba-44c2-8ec8-d916eccbdb77 for user 48669bcb-c7a7-4a3c-822d-49c2babb64be
info: YellowHouseStudio.LifeOrbit.Application.Common.Behaviors.TransactionBehavior[0]
      Committed transaction for AddCompleteFamilyMemberCommand
info: YellowHouseStudio.LifeOrbit.Application.Common.Behaviors.LoggingBehavior[0]
      Completed request AddCompleteFamilyMemberCommand [e5ae7629-0857-40a2-b8b0-cd2fe4169091]

info: YellowHouseStudio.LifeOrbit.Application.Common.Behaviors.LoggingBehavior[0]
      Beginning request AddFamilyMemberCommand [05ee77b4-0d02-4128-9a43-686758b5b101]
info: YellowHouseStudio.LifeOrbit.Application.Common.Behaviors.TransactionBehavior[0]
      Beginning transaction for AddFamilyMemberCommand
info: YellowHouseStudio.LifeOrbit.Application.Common.Behaviors.TransactionBehavior[0]
      Committed transaction for AddFamilyMemberCommand
info: YellowHouseStudio.LifeOrbit.Application.Common.Behaviors.LoggingBehavior[0]
      Completed request AddFamilyMemberCommand [05ee77b4-0d02-4128-9a43-686758b5b101]

info: YellowHouseStudio.LifeOrbit.Application.Common.Behaviors.LoggingBehavior[0]
      Beginning request AddFamilyMemberCommand [c24f7c18-31fa-4921-8531-b30c08d51007]
info: YellowHouseStudio.LifeOrbit.Application.Common.Behaviors.TransactionBehavior[0]
      Beginning transaction for AddFamilyMemberCommand
info: YellowHouseStudio.LifeOrbit.Application.Common.Behaviors.TransactionBehavior[0]
      Committed transaction for AddFamilyMemberCommand
info: YellowHouseStudio.LifeOrbit.Application.Common.Behaviors.LoggingBehavior[0]
      Completed request AddFamilyMemberCommand [c24f7c18-31fa-4921-8531-b30c08d51007]
info: YellowHouseStudio.LifeOrbit.Application.Common.Behaviors.LoggingBehavior[0]
      Beginning request AddFamilyMemberCommand [91073417-d6e3-46a0-995f-c5cd6096865a]
info: YellowHouseStudio.LifeOrbit.Application.Common.Behaviors.TransactionBehavior[0]
      Beginning transaction for AddFamilyMemberCommand
info: YellowHouseStudio.LifeOrbit.Application.Common.Behaviors.TransactionBehavior[0]
      Committed transaction for AddFamilyMemberCommand
info: YellowHouseStudio.LifeOrbit.Application.Common.Behaviors.LoggingBehavior[0]
      Completed request AddFamilyMemberCommand [91073417-d6e3-46a0-995f-c5cd6096865a]

info: YellowHouseStudio.LifeOrbit.Application.Common.Behaviors.LoggingBehavior[0]
      Beginning request AddSafeFoodCommand [e705da6f-d8dc-43f1-acdc-38934d04c2f6]
info: YellowHouseStudio.LifeOrbit.Application.Common.Behaviors.TransactionBehavior[0]
      Beginning transaction for AddSafeFoodCommand
info: YellowHouseStudio.LifeOrbit.Application.Family.AddSafeFood.AddSafeFoodCommandHandler[0]
      Successfully added safe food Apple for family member bcb6e80b-73ac-4dba-99df-fa5830ec956e
info: YellowHouseStudio.LifeOrbit.Application.Common.Behaviors.TransactionBehavior[0]
      Committed transaction for AddSafeFoodCommand
info: YellowHouseStudio.LifeOrbit.Application.Common.Behaviors.LoggingBehavior[0]
      Completed request AddSafeFoodCommand [e705da6f-d8dc-43f1-acdc-38934d04c2f6]

info: YellowHouseStudio.LifeOrbit.Application.Common.Behaviors.LoggingBehavior[0]
      Beginning request AddSafeFoodCommand [accb1770-4655-4f19-b51d-580dd1342765]
info: YellowHouseStudio.LifeOrbit.Application.Common.Behaviors.TransactionBehavior[0]
      Beginning transaction for AddSafeFoodCommand
info: YellowHouseStudio.LifeOrbit.Application.Family.AddSafeFood.AddSafeFoodCommandHandler[0]
      Safe food Apple already present for family member 78e09ffb-f3a3-4a30-9480-768d3a8d4733
info: YellowHouseStudio.LifeOrbit.Application.Family.AddSafeFood.AddSafeFoodCommandHandler[0]
      Successfully added safe food Apple for family member 78e09ffb-f3a3-4a30-9480-768d3a8d4733
info: YellowHouseStudio.LifeOrbit.Application.Common.Behaviors.TransactionBehavior[0]
      Committed transaction for AddSafeFoodCommand
info: YellowHouseStudio.LifeOrbit.Application.Common.Behaviors.LoggingBehavior[0]
      Completed request AddSafeFoodCommand [accb1770-4655-4f19-b51d-580dd1342765]

info: YellowHouseStudio.LifeOrbit.Application.Common.Behaviors.LoggingBehavior[0]
      Beginning request AddSafeFoodCommand [3230235a-ea00-447a-bf5d-552c78c05c89]
info: YellowHouseStudio.LifeOrbit.Application.Common.Behaviors.TransactionBehavior[0]
      Beginning transaction for AddSafeFoodCommand
warn: YellowHouseStudio.LifeOrbit.Application.Family.AddSafeFood.AddSafeFoodCommandHandler[0]
      Family member 776a404b-0fe9-4615-8512-1ae6146d527f not found for user 2c9dedbb-521f-4a65-a54b-dcaa3d7b8ad3
info: YellowHouseStudio.LifeOrbit.Application.Common.Behaviors.TransactionBehavior[0]
      Rolling back transaction for AddSafeFoodCommand
fail: YellowHouseStudio.LifeOrbit.Application.Common.Behaviors.LoggingBehavior[0]
      Request AddSafeFoodCommand [3230235a-ea00-447a-bf5d-552c78c05c89] failed
      YellowHouseStudio.LifeOrbit.Application.Common.Exceptions.NotFoundException: Family member 776a404b-0fe9-4615-8512-1ae6146d527f not found
         at YellowHouseStudio.LifeOrbit.Application.Family.AddSafeFood.AddSafeFoodCommandHandler.Handle(AddSafeFoodCommand request, CancellationToken cancellationToken) in /Users/johannahulten/Documents/LifeOrbit/server/YellowHouseStudio.LifeOrbit.Application/Family/AddSafeFood/AddSafeFoodCommandHandler.cs:line 34
         at YellowHouseStudio.LifeOrbit.Application.Common.Behaviors.TransactionBehavior`2.&lt;&gt;c__DisplayClass3_0.&lt;&lt;Handle&gt;b__0&gt;d.MoveNext() in /Users/johannahulten/Documents/LifeOrbit/server/YellowHouseStudio.LifeOrbit.Application/Common/Behaviors/TransactionBehavior.cs:line 40
      --- End of stack trace from previous location ---
         at YellowHouseStudio.LifeOrbit.Application.Common.Behaviors.TransactionBehavior`2.&lt;&gt;c__DisplayClass3_0.&lt;&lt;Handle&gt;b__0&gt;d.MoveNext() in /Users/johannahulten/Documents/LifeOrbit/server/YellowHouseStudio.LifeOrbit.Application/Common/Behaviors/TransactionBehavior.cs:line 53
      --- End of stack trace from previous location ---
         at YellowHouseStudio.LifeOrbit.Application.Common.Behaviors.TransactionBehavior`2.Handle(TRequest request, RequestHandlerDelegate`1 next, CancellationToken cancellationToken) in /Users/johannahulten/Documents/LifeOrbit/server/YellowHouseStudio.LifeOrbit.Application/Common/Behaviors/TransactionBehavior.cs:line 32
         at YellowHouseStudio.LifeOrbit.Application.Common.Behaviors.ValidationBehavior`2.Handle(TRequest request, RequestHandlerDelegate`1 next, CancellationToken cancellationToken) in /Users/johannahulten/Documents/LifeOrbit/server/YellowHouseStudio.LifeOrbit.Application/Common/Behaviors/ValidationBehavior.cs:line 67
         at YellowHouseStudio.LifeOrbit.Application.Common.Behaviors.LoggingBehavior`2.Handle(TRequest request, RequestHandlerDelegate`1 next, CancellationToken cancellationToken) in /Users/johannahulten/Documents/LifeOrbit/server/YellowHouseStudio.LifeOrbit.Application/Common/Behaviors/LoggingBehavior.cs:line 25

info: YellowHouseStudio.LifeOrbit.Application.Common.Behaviors.LoggingBehavior[0]
      Beginning request RemoveAllergyCommand [d20e4203-7e80-4bc9-9d15-9a70d81f0804]
info: YellowHouseStudio.LifeOrbit.Application.Common.Behaviors.TransactionBehavior[0]
      Beginning transaction for RemoveAllergyCommand
info: YellowHouseStudio.LifeOrbit.Application.Family.RemoveAllergy.RemoveAllergyCommandHandler[0]
      Successfully removed allergy Peanuts for family member 515369e9-d195-49cd-885a-1dfeb8283e7f
info: YellowHouseStudio.LifeOrbit.Application.Common.Behaviors.TransactionBehavior[0]
      Committed transaction for RemoveAllergyCommand
info: YellowHouseStudio.LifeOrbit.Application.Common.Behaviors.LoggingBehavior[0]
      Completed request RemoveAllergyCommand [d20e4203-7e80-4bc9-9d15-9a70d81f0804]

info: YellowHouseStudio.LifeOrbit.Application.Common.Behaviors.LoggingBehavior[0]
      Beginning request RemoveAllergyCommand [ee433e7a-75f5-480b-a362-ca0b076a2ac8]
warn: YellowHouseStudio.LifeOrbit.Application.Common.Behaviors.ValidationBehavior[0]
      Validation failed for command RemoveAllergyCommand with 1 errors
fail: YellowHouseStudio.LifeOrbit.Application.Common.Behaviors.LoggingBehavior[0]
      Request RemoveAllergyCommand [ee433e7a-75f5-480b-a362-ca0b076a2ac8] failed
      FluentValidation.ValidationException: Validation failed: 
       -- Allergen: This allergy is not registered for this family member. Severity: Error
         at YellowHouseStudio.LifeOrbit.Application.Common.Behaviors.ValidationBehavior`2.Handle(TRequest request, RequestHandlerDelegate`1 next, CancellationToken cancellationToken) in /Users/johannahulten/Documents/LifeOrbit/server/YellowHouseStudio.LifeOrbit.Application/Common/Behaviors/ValidationBehavior.cs:line 61
         at YellowHouseStudio.LifeOrbit.Application.Common.Behaviors.LoggingBehavior`2.Handle(TRequest request, RequestHandlerDelegate`1 next, CancellationToken cancellationToken) in /Users/johannahulten/Documents/LifeOrbit/server/YellowHouseStudio.LifeOrbit.Application/Common/Behaviors/LoggingBehavior.cs:line 25

info: YellowHouseStudio.LifeOrbit.Application.Common.Behaviors.LoggingBehavior[0]
      Beginning request RemoveAllergyCommand [2ca7cab8-5adf-4f72-be44-3807ac1cda5c]
warn: YellowHouseStudio.LifeOrbit.Application.Common.Behaviors.ValidationBehavior[0]
      Validation failed for command RemoveAllergyCommand with 2 errors
fail: YellowHouseStudio.LifeOrbit.Application.Common.Behaviors.LoggingBehavior[0]
      Request RemoveAllergyCommand [2ca7cab8-5adf-4f72-be44-3807ac1cda5c] failed
      FluentValidation.ValidationException: Validation failed: 
       -- FamilyMemberId: Family member not found Severity: Error
       -- Allergen: This allergy is not registered for this family member. Severity: Error
         at YellowHouseStudio.LifeOrbit.Application.Common.Behaviors.ValidationBehavior`2.Handle(TRequest request, RequestHandlerDelegate`1 next, CancellationToken cancellationToken) in /Users/johannahulten/Documents/LifeOrbit/server/YellowHouseStudio.LifeOrbit.Application/Common/Behaviors/ValidationBehavior.cs:line 61
         at YellowHouseStudio.LifeOrbit.Application.Common.Behaviors.LoggingBehavior`2.Handle(TRequest request, RequestHandlerDelegate`1 next, CancellationToken cancellationToken) in /Users/johannahulten/Documents/LifeOrbit/server/YellowHouseStudio.LifeOrbit.Application/Common/Behaviors/LoggingBehavior.cs:line 25

info: YellowHouseStudio.LifeOrbit.Application.Common.Behaviors.LoggingBehavior[0]
      Beginning request RemoveAllergyCommand [dfc4585f-b86d-4a31-aba7-14a500ce7bc9]
warn: YellowHouseStudio.LifeOrbit.Application.Common.Behaviors.ValidationBehavior[0]
      Validation failed for command RemoveAllergyCommand with 1 errors
fail: YellowHouseStudio.LifeOrbit.Application.Common.Behaviors.LoggingBehavior[0]
      Request RemoveAllergyCommand [dfc4585f-b86d-4a31-aba7-14a500ce7bc9] failed
      FluentValidation.ValidationException: Validation failed: 
       -- FamilyMemberId: Family member not found Severity: Error
         at YellowHouseStudio.LifeOrbit.Application.Common.Behaviors.ValidationBehavior`2.Handle(TRequest request, RequestHandlerDelegate`1 next, CancellationToken cancellationToken) in /Users/johannahulten/Documents/LifeOrbit/server/YellowHouseStudio.LifeOrbit.Application/Common/Behaviors/ValidationBehavior.cs:line 61
         at YellowHouseStudio.LifeOrbit.Application.Common.Behaviors.LoggingBehavior`2.Handle(TRequest request, RequestHandlerDelegate`1 next, CancellationToken cancellationToken) in /Users/johannahulten/Documents/LifeOrbit/server/YellowHouseStudio.LifeOrbit.Application/Common/Behaviors/LoggingBehavior.cs:line 25

info: YellowHouseStudio.LifeOrbit.Application.Common.Behaviors.LoggingBehavior[0]
      Beginning request RemoveSafeFoodCommand [7e64d1c1-85e5-4d1b-937e-738b5335a1a3]
info: YellowHouseStudio.LifeOrbit.Application.Common.Behaviors.TransactionBehavior[0]
      Beginning transaction for RemoveSafeFoodCommand
info: YellowHouseStudio.LifeOrbit.Application.Family.RemoveSafeFood.RemoveSafeFoodCommandHandler[0]
      Successfully removed safe food Apple for family member bdc58922-947f-4d21-9d05-de5da83cc43a
info: YellowHouseStudio.LifeOrbit.Application.Common.Behaviors.TransactionBehavior[0]
      Committed transaction for RemoveSafeFoodCommand
info: YellowHouseStudio.LifeOrbit.Application.Common.Behaviors.LoggingBehavior[0]
      Completed request RemoveSafeFoodCommand [7e64d1c1-85e5-4d1b-937e-738b5335a1a3]

info: YellowHouseStudio.LifeOrbit.Application.Common.Behaviors.LoggingBehavior[0]
      Beginning request RemoveSafeFoodCommand [3427284e-f849-4d9d-89f2-5e3698588429]
info: YellowHouseStudio.LifeOrbit.Application.Common.Behaviors.TransactionBehavior[0]
      Beginning transaction for RemoveSafeFoodCommand
warn: YellowHouseStudio.LifeOrbit.Application.Family.RemoveSafeFood.RemoveSafeFoodCommandHandler[0]
      Family member 697836a0-b3d7-4323-995d-5b79e8fec917 not found for user 02cda8d9-50f7-4995-a496-9a5feea956d9
info: YellowHouseStudio.LifeOrbit.Application.Common.Behaviors.TransactionBehavior[0]
      Rolling back transaction for RemoveSafeFoodCommand
fail: YellowHouseStudio.LifeOrbit.Application.Common.Behaviors.LoggingBehavior[0]
      Request RemoveSafeFoodCommand [3427284e-f849-4d9d-89f2-5e3698588429] failed
      YellowHouseStudio.LifeOrbit.Application.Common.Exceptions.NotFoundException: Family member 697836a0-b3d7-4323-995d-5b79e8fec917 not found
         at YellowHouseStudio.LifeOrbit.Application.Family.RemoveSafeFood.RemoveSafeFoodCommandHandler.Handle(RemoveSafeFoodCommand request, CancellationToken cancellationToken) in /Users/johannahulten/Documents/LifeOrbit/server/YellowHouseStudio.LifeOrbit.Application/Family/RemoveSafeFood/RemoveSafeFoodCommandHandler.cs:line 33
         at YellowHouseStudio.LifeOrbit.Application.Common.Behaviors.TransactionBehavior`2.&lt;&gt;c__DisplayClass3_0.&lt;&lt;Handle&gt;b__0&gt;d.MoveNext() in /Users/johannahulten/Documents/LifeOrbit/server/YellowHouseStudio.LifeOrbit.Application/Common/Behaviors/TransactionBehavior.cs:line 40
      --- End of stack trace from previous location ---
         at YellowHouseStudio.LifeOrbit.Application.Common.Behaviors.TransactionBehavior`2.&lt;&gt;c__DisplayClass3_0.&lt;&lt;Handle&gt;b__0&gt;d.MoveNext() in /Users/johannahulten/Documents/LifeOrbit/server/YellowHouseStudio.LifeOrbit.Application/Common/Behaviors/TransactionBehavior.cs:line 53
      --- End of stack trace from previous location ---
         at YellowHouseStudio.LifeOrbit.Application.Common.Behaviors.TransactionBehavior`2.Handle(TRequest request, RequestHandlerDelegate`1 next, CancellationToken cancellationToken) in /Users/johannahulten/Documents/LifeOrbit/server/YellowHouseStudio.LifeOrbit.Application/Common/Behaviors/TransactionBehavior.cs:line 32
         at YellowHouseStudio.LifeOrbit.Application.Common.Behaviors.ValidationBehavior`2.Handle(TRequest request, RequestHandlerDelegate`1 next, CancellationToken cancellationToken) in /Users/johannahulten/Documents/LifeOrbit/server/YellowHouseStudio.LifeOrbit.Application/Common/Behaviors/ValidationBehavior.cs:line 67
         at YellowHouseStudio.LifeOrbit.Application.Common.Behaviors.LoggingBehavior`2.Handle(TRequest request, RequestHandlerDelegate`1 next, CancellationToken cancellationToken) in /Users/johannahulten/Documents/LifeOrbit/server/YellowHouseStudio.LifeOrbit.Application/Common/Behaviors/LoggingBehavior.cs:line 25

info: YellowHouseStudio.LifeOrbit.Application.Common.Behaviors.LoggingBehavior[0]
      Beginning request RemoveSafeFoodCommand [598f1f9e-c199-4a34-b7c7-b86998c37c47]
info: YellowHouseStudio.LifeOrbit.Application.Common.Behaviors.TransactionBehavior[0]
      Beginning transaction for RemoveSafeFoodCommand
warn: YellowHouseStudio.LifeOrbit.Application.Family.RemoveSafeFood.RemoveSafeFoodCommandHandler[0]
      Safe food Banana not found for family member d5dd6b08-fa7e-4185-b5ab-9f8c2d0551d4
info: YellowHouseStudio.LifeOrbit.Application.Common.Behaviors.TransactionBehavior[0]
      Rolling back transaction for RemoveSafeFoodCommand
fail: YellowHouseStudio.LifeOrbit.Application.Common.Behaviors.LoggingBehavior[0]
      Request RemoveSafeFoodCommand [598f1f9e-c199-4a34-b7c7-b86998c37c47] failed
      YellowHouseStudio.LifeOrbit.Application.Common.Exceptions.NotFoundException: Safe food Banana not found for family member d5dd6b08-fa7e-4185-b5ab-9f8c2d0551d4
         at YellowHouseStudio.LifeOrbit.Application.Family.RemoveSafeFood.RemoveSafeFoodCommandHandler.Handle(RemoveSafeFoodCommand request, CancellationToken cancellationToken) in /Users/johannahulten/Documents/LifeOrbit/server/YellowHouseStudio.LifeOrbit.Application/Family/RemoveSafeFood/RemoveSafeFoodCommandHandler.cs:line 40
         at YellowHouseStudio.LifeOrbit.Application.Common.Behaviors.TransactionBehavior`2.&lt;&gt;c__DisplayClass3_0.&lt;&lt;Handle&gt;b__0&gt;d.MoveNext() in /Users/johannahulten/Documents/LifeOrbit/server/YellowHouseStudio.LifeOrbit.Application/Common/Behaviors/TransactionBehavior.cs:line 40
      --- End of stack trace from previous location ---
         at YellowHouseStudio.LifeOrbit.Application.Common.Behaviors.TransactionBehavior`2.&lt;&gt;c__DisplayClass3_0.&lt;&lt;Handle&gt;b__0&gt;d.MoveNext() in /Users/johannahulten/Documents/LifeOrbit/server/YellowHouseStudio.LifeOrbit.Application/Common/Behaviors/TransactionBehavior.cs:line 53
      --- End of stack trace from previous location ---
         at YellowHouseStudio.LifeOrbit.Application.Common.Behaviors.TransactionBehavior`2.Handle(TRequest request, RequestHandlerDelegate`1 next, CancellationToken cancellationToken) in /Users/johannahulten/Documents/LifeOrbit/server/YellowHouseStudio.LifeOrbit.Application/Common/Behaviors/TransactionBehavior.cs:line 32
         at YellowHouseStudio.LifeOrbit.Application.Common.Behaviors.ValidationBehavior`2.Handle(TRequest request, RequestHandlerDelegate`1 next, CancellationToken cancellationToken) in /Users/johannahulten/Documents/LifeOrbit/server/YellowHouseStudio.LifeOrbit.Application/Common/Behaviors/ValidationBehavior.cs:line 67
         at YellowHouseStudio.LifeOrbit.Application.Common.Behaviors.LoggingBehavior`2.Handle(TRequest request, RequestHandlerDelegate`1 next, CancellationToken cancellationToken) in /Users/johannahulten/Documents/LifeOrbit/server/YellowHouseStudio.LifeOrbit.Application/Common/Behaviors/LoggingBehavior.cs:line 25

NUnit Adapter 5.0.0.0: Test execution complete
</StdOut>
    </Output>
  </ResultSummary>
</TestRun>